#
# There is insufficient memory for the Java Runtime Environment to continue.
# Native memory allocation (malloc) failed to allocate 764896 bytes for Chunk::new
# Possible reasons:
#   The system is out of physical RAM or swap space
#   The process is running with CompressedOops enabled, and the Java Heap may be blocking the growth of the native heap
# Possible solutions:
#   Reduce memory load on the system
#   Increase physical memory or swap space
#   Check if swap backing store is full
#   Decrease Java heap size (-Xmx/-Xms)
#   Decrease number of Java threads
#   Decrease Java thread stack sizes (-Xss)
#   Set larger code cache with -XX:ReservedCodeCacheSize=
#   JVM is running with Zero Based Compressed Oops mode in which the Java heap is
#     placed in the first 32GB address space. The Java Heap base address is the
#     maximum limit for the native heap growth. Please use -XX:HeapBaseMinAddress
#     to set the Java Heap base and to place the Java Heap above 32GB virtual address.
# This output file may be truncated or incomplete.
#
#  Out of Memory Error (allocation.cpp:389), pid=4372, tid=0x0000000000002fc0
#
# JRE version: OpenJDK Runtime Environment (8.0_202-b03) (build 1.8.0_202-release-1483-b03)
# Java VM: OpenJDK 64-Bit Server VM (25.202-b03 mixed mode windows-amd64 compressed oops)
# Failed to write core dump. Minidumps are not enabled by default on client versions of Windows
#

---------------  T H R E A D  ---------------

Current thread (0x000000001c4dd000):  JavaThread "C2 CompilerThread1" daemon [_thread_in_native, id=12224, stack(0x000000001dc40000,0x000000001dd40000)]

Stack: [0x000000001dc40000,0x000000001dd40000]
[error occurred during error reporting (printing stack bounds), id 0xc0000005]

Native frames: (J=compiled Java code, j=interpreted, Vv=VM code, C=native code)


Current CompileTask:
C2:   1473 1668   !   4       com.android.dx.cf.code.BytecodeArray::parseInstruction (2764 bytes)


---------------  P R O C E S S  ---------------

Java Threads: ( => current thread )
  0x000000001df01800 JavaThread "pool-2-thread-4" [_thread_blocked, id=3812, stack(0x000000001e840000,0x000000001e940000)]
  0x000000001defd000 JavaThread "pool-2-thread-3" [_thread_blocked, id=3188, stack(0x000000001e740000,0x000000001e840000)]
  0x000000001e013000 JavaThread "pool-2-thread-2" [_thread_blocked, id=1688, stack(0x000000001e640000,0x000000001e740000)]
  0x000000001df9d000 JavaThread "pool-3-thread-1" [_thread_blocked, id=11212, stack(0x000000001e540000,0x000000001e640000)]
  0x000000001df9c800 JavaThread "pool-2-thread-1" [_thread_blocked, id=16876, stack(0x000000001e440000,0x000000001e540000)]
  0x000000001de68800 JavaThread "Service Thread" daemon [_thread_blocked, id=14072, stack(0x000000001e240000,0x000000001e340000)]
  0x000000001c4e8000 JavaThread "C1 CompilerThread2" daemon [_thread_blocked, id=17212, stack(0x000000001dd40000,0x000000001de40000)]
=>0x000000001c4dd000 JavaThread "C2 CompilerThread1" daemon [_thread_in_native, id=12224, stack(0x000000001dc40000,0x000000001dd40000)]
  0x000000001c4d8000 JavaThread "C2 CompilerThread0" daemon [_thread_in_native, id=804, stack(0x000000001db40000,0x000000001dc40000)]
  0x000000001c4e6000 JavaThread "Attach Listener" daemon [_thread_blocked, id=16772, stack(0x000000001da40000,0x000000001db40000)]
  0x000000001c4e4800 JavaThread "Signal Dispatcher" daemon [_thread_blocked, id=13412, stack(0x000000001d940000,0x000000001da40000)]
  0x0000000002e0b000 JavaThread "Finalizer" daemon [_thread_blocked, id=9104, stack(0x000000001d740000,0x000000001d840000)]
  0x000000001c4c9000 JavaThread "Reference Handler" daemon [_thread_blocked, id=1228, stack(0x000000001d640000,0x000000001d740000)]
  0x0000000000f0d800 JavaThread "main" [_thread_blocked, id=15596, stack(0x0000000002b70000,0x0000000002c70000)]

Other Threads:
  0x000000001c4a7800 VMThread [stack: 0x000000001d540000,0x000000001d640000] [id=16196]
  0x000000001c4fa000 WatcherThread [stack: 0x000000001e340000,0x000000001e440000] [id=17328]

VM state:at safepoint (normal execution)

VM Mutex/Monitor currently owned by a thread:  ([mutex/lock_event])
[0x0000000000f0d0f0] Threads_lock - owner thread: 0x000000001c4a7800
[0x0000000000f0d070] Heap_lock - owner thread: 0x0000000000f0d800

heap address: 0x00000006c0000000, size: 4096 MB, Compressed Oops mode: Zero based, Oop shift amount: 3
Narrow klass base: 0x0000000000000000, Narrow klass shift: 3
Compressed class space size: 1073741824 Address: 0x00000007c0000000

Heap:
 PSYoungGen      total 37888K, used 37877K [0x000000076ab00000, 0x000000076f500000, 0x00000007c0000000)
  eden space 32768K, 100% used [0x000000076ab00000,0x000000076cb00000,0x000000076cb00000)
  from space 5120K, 99% used [0x000000076cb00000,0x000000076cffd6f8,0x000000076d000000)
  to   space 5120K, 99% used [0x000000076f000000,0x000000076f4f96d0,0x000000076f500000)
 ParOldGen       total 86016K, used 16894K [0x00000006c0000000, 0x00000006c5400000, 0x000000076ab00000)
  object space 86016K, 19% used [0x00000006c0000000,0x00000006c1081ac8,0x00000006c5400000)
 Metaspace       used 6049K, capacity 7152K, committed 7296K, reserved 1056768K
  class space    used 559K, capacity 616K, committed 640K, reserved 1048576K

Card table byte_map: [0x00000000121d0000,0x00000000129e0000] byte_map_base: 0x000000000ebd0000

Marking Bits: (ParMarkBitMap*) 0x000000005c6f9f30
 Begin Bits: [0x0000000013340000, 0x0000000017340000)
 End Bits:   [0x0000000017340000, 0x000000001b340000)

Polling page: 0x0000000000ef0000

CodeCache: size=245760Kb used=6822Kb max_used=6822Kb free=238937Kb
 bounds [0x0000000002e10000, 0x00000000034c0000, 0x0000000011e10000]
 total_blobs=1966 nmethods=1704 adapters=175
 compilation: enabled

Compilation events (10 events):
Event: 1.437 Thread 0x000000001c4e8000 1731 %     3       com.android.dx.dex.code.BlockAddresses::setupArrays @ 13 (113 bytes)
Event: 1.438 Thread 0x000000001c4e8000 nmethod 1731% 0x00000000034b5fd0 code [0x00000000034b6280, 0x00000000034b7d98]
Event: 1.440 Thread 0x000000001c4e8000 1732       1       com.android.dx.rop.cst.CstType::getType (4 bytes)
Event: 1.440 Thread 0x000000001c4e8000 nmethod 1732 0x00000000034b8c10 code [0x00000000034b8d60, 0x00000000034b8e70]
Event: 1.441 Thread 0x000000001c4e8000 1733       2       com.android.dx.ssa.back.SsaToRop$PhiVisitor::visitPhiInsn (67 bytes)
Event: 1.442 Thread 0x000000001c4e8000 nmethod 1733 0x00000000034b8ed0 code [0x00000000034b90c0, 0x00000000034b9688]
Event: 1.445 Thread 0x000000001c4e8000 1734       2       com.android.dx.ssa.PhiTypeResolver::resolveResultType (308 bytes)
Event: 1.448 Thread 0x000000001c4e8000 nmethod 1734 0x00000000034ba010 code [0x00000000034ba300, 0x00000000034bb308]
Event: 1.451 Thread 0x000000001c4e8000 1735       2       com.android.dx.ssa.back.FirstFitLocalCombiningAllocator::processPhiInsn (255 bytes)
Event: 1.452 Thread 0x000000001c4e8000 nmethod 1735 0x00000000034bc450 code [0x00000000034bc700, 0x00000000034bd2f8]

GC Heap History (7 events):
Event: 0.792 GC heap before
{Heap before GC invocations=1 (full 0):
 PSYoungGen      total 37888K, used 32768K [0x000000076ab00000, 0x000000076d500000, 0x00000007c0000000)
  eden space 32768K, 100% used [0x000000076ab00000,0x000000076cb00000,0x000000076cb00000)
  from space 5120K, 0% used [0x000000076d000000,0x000000076d000000,0x000000076d500000)
  to   space 5120K, 0% used [0x000000076cb00000,0x000000076cb00000,0x000000076d000000)
 ParOldGen       total 86016K, used 0K [0x00000006c0000000, 0x00000006c5400000, 0x000000076ab00000)
  object space 86016K, 0% used [0x00000006c0000000,0x00000006c0000000,0x00000006c5400000)
 Metaspace       used 5696K, capacity 6896K, committed 7040K, reserved 1056768K
  class space    used 550K, capacity 616K, committed 640K, reserved 1048576K
Event: 0.804 GC heap after
Heap after GC invocations=1 (full 0):
 PSYoungGen      total 37888K, used 5094K [0x000000076ab00000, 0x000000076d500000, 0x00000007c0000000)
  eden space 32768K, 0% used [0x000000076ab00000,0x000000076ab00000,0x000000076cb00000)
  from space 5120K, 99% used [0x000000076cb00000,0x000000076cff9940,0x000000076d000000)
  to   space 5120K, 0% used [0x000000076d000000,0x000000076d000000,0x000000076d500000)
 ParOldGen       total 86016K, used 2905K [0x00000006c0000000, 0x00000006c5400000, 0x000000076ab00000)
  object space 86016K, 3% used [0x00000006c0000000,0x00000006c02d67d0,0x00000006c5400000)
 Metaspace       used 5696K, capacity 6896K, committed 7040K, reserved 1056768K
  class space    used 550K, capacity 616K, committed 640K, reserved 1048576K
}
Event: 1.077 GC heap before
{Heap before GC invocations=2 (full 0):
 PSYoungGen      total 37888K, used 37862K [0x000000076ab00000, 0x000000076d500000, 0x00000007c0000000)
  eden space 32768K, 100% used [0x000000076ab00000,0x000000076cb00000,0x000000076cb00000)
  from space 5120K, 99% used [0x000000076cb00000,0x000000076cff9940,0x000000076d000000)
  to   space 5120K, 0% used [0x000000076d000000,0x000000076d000000,0x000000076d500000)
 ParOldGen       total 86016K, used 2905K [0x00000006c0000000, 0x00000006c5400000, 0x000000076ab00000)
  object space 86016K, 3% used [0x00000006c0000000,0x00000006c02d67d0,0x00000006c5400000)
 Metaspace       used 5990K, capacity 7088K, committed 7296K, reserved 1056768K
  class space    used 559K, capacity 616K, committed 640K, reserved 1048576K
Event: 1.095 GC heap after
Heap after GC invocations=2 (full 0):
 PSYoungGen      total 37888K, used 5090K [0x000000076ab00000, 0x000000076d500000, 0x00000007c0000000)
  eden space 32768K, 0% used [0x000000076ab00000,0x000000076ab00000,0x000000076cb00000)
  from space 5120K, 99% used [0x000000076d000000,0x000000076d4f89d0,0x000000076d500000)
  to   space 5120K, 0% used [0x000000076cb00000,0x000000076cb00000,0x000000076d000000)
 ParOldGen       total 86016K, used 8881K [0x00000006c0000000, 0x00000006c5400000, 0x000000076ab00000)
  object space 86016K, 10% used [0x00000006c0000000,0x00000006c08ac728,0x00000006c5400000)
 Metaspace       used 5990K, capacity 7088K, committed 7296K, reserved 1056768K
  class space    used 559K, capacity 616K, committed 640K, reserved 1048576K
}
Event: 1.242 GC heap before
{Heap before GC invocations=3 (full 0):
 PSYoungGen      total 37888K, used 37858K [0x000000076ab00000, 0x000000076d500000, 0x00000007c0000000)
  eden space 32768K, 100% used [0x000000076ab00000,0x000000076cb00000,0x000000076cb00000)
  from space 5120K, 99% used [0x000000076d000000,0x000000076d4f89d0,0x000000076d500000)
  to   space 5120K, 0% used [0x000000076cb00000,0x000000076cb00000,0x000000076d000000)
 ParOldGen       total 86016K, used 8881K [0x00000006c0000000, 0x00000006c5400000, 0x000000076ab00000)
  object space 86016K, 10% used [0x00000006c0000000,0x00000006c08ac728,0x00000006c5400000)
 Metaspace       used 6014K, capacity 7152K, committed 7296K, reserved 1056768K
  class space    used 559K, capacity 616K, committed 640K, reserved 1048576K
Event: 1.266 GC heap after
Heap after GC invocations=3 (full 0):
 PSYoungGen      total 37888K, used 5109K [0x000000076ab00000, 0x000000076f500000, 0x00000007c0000000)
  eden space 32768K, 0% used [0x000000076ab00000,0x000000076ab00000,0x000000076cb00000)
  from space 5120K, 99% used [0x000000076cb00000,0x000000076cffd6f8,0x000000076d000000)
  to   space 5120K, 0% used [0x000000076f000000,0x000000076f000000,0x000000076f500000)
 ParOldGen       total 86016K, used 14078K [0x00000006c0000000, 0x00000006c5400000, 0x000000076ab00000)
  object space 86016K, 16% used [0x00000006c0000000,0x00000006c0dbfac8,0x00000006c5400000)
 Metaspace       used 6014K, capacity 7152K, committed 7296K, reserved 1056768K
  class space    used 559K, capacity 616K, committed 640K, reserved 1048576K
}
Event: 1.454 GC heap before
{Heap before GC invocations=4 (full 0):
 PSYoungGen      total 37888K, used 37877K [0x000000076ab00000, 0x000000076f500000, 0x00000007c0000000)
  eden space 32768K, 100% used [0x000000076ab00000,0x000000076cb00000,0x000000076cb00000)
  from space 5120K, 99% used [0x000000076cb00000,0x000000076cffd6f8,0x000000076d000000)
  to   space 5120K, 0% used [0x000000076f000000,0x000000076f000000,0x000000076f500000)
 ParOldGen       total 86016K, used 14078K [0x00000006c0000000, 0x00000006c5400000, 0x000000076ab00000)
  object space 86016K, 16% used [0x00000006c0000000,0x00000006c0dbfac8,0x00000006c5400000)
 Metaspace       used 6049K, capacity 7152K, committed 7296K, reserved 1056768K
  class space    used 559K, capacity 616K, committed 640K, reserved 1048576K

Deoptimization events (10 events):
Event: 0.862 Thread 0x000000001defd000 Uncommon trap: reason=class_check action=maybe_recompile pc=0x000000000334f888 method=com.android.dx.ssa.back.LivenessAnalyzer.liveOutAtStatement()V @ 14
Event: 0.875 Thread 0x000000001df9c800 Uncommon trap: reason=class_check action=maybe_recompile pc=0x000000000337d6c4 method=com.android.dx.ssa.back.LivenessAnalyzer.liveOutAtStatement()V @ 14
Event: 0.913 Thread 0x000000001e013000 Uncommon trap: reason=null_check action=make_not_entrant pc=0x0000000003337ac4 method=com.android.dx.ssa.SsaRenamer.getLocalForNewReg(I)Lcom/android/dx/rop/code/LocalItem; @ 19
Event: 0.990 Thread 0x000000001df01800 Uncommon trap: reason=class_check action=maybe_recompile pc=0x00000000033a4e9c method=com.android.dx.ssa.NormalSsaInsn.accept(Lcom/android/dx/ssa/SsaInsn$Visitor;)V @ 9
Event: 0.990 Thread 0x000000001df01800 Uncommon trap: reason=class_check action=maybe_recompile pc=0x00000000033a4e9c method=com.android.dx.ssa.NormalSsaInsn.accept(Lcom/android/dx/ssa/SsaInsn$Visitor;)V @ 9
Event: 0.990 Thread 0x000000001df01800 Uncommon trap: reason=class_check action=maybe_recompile pc=0x00000000033a4e9c method=com.android.dx.ssa.NormalSsaInsn.accept(Lcom/android/dx/ssa/SsaInsn$Visitor;)V @ 9
Event: 0.990 Thread 0x000000001df01800 Uncommon trap: reason=class_check action=maybe_recompile pc=0x00000000033a4e9c method=com.android.dx.ssa.NormalSsaInsn.accept(Lcom/android/dx/ssa/SsaInsn$Visitor;)V @ 9
Event: 0.993 Thread 0x000000001df01800 Uncommon trap: reason=unstable_if action=reinterpret pc=0x00000000031c6950 method=com.android.dx.rop.code.RegisterSpec.equals(ILcom/android/dx/rop/type/TypeBearer;Lcom/android/dx/rop/code/LocalItem;)Z @ 16
Event: 1.303 Thread 0x000000001df01800 Uncommon trap: reason=unstable_if action=reinterpret pc=0x00000000034862dc method=com.android.dx.ssa.SCCP.simulateStmt(Lcom/android/dx/ssa/SsaInsn;)V @ 418
Event: 1.406 Thread 0x000000001e013000 Uncommon trap: reason=bimorphic action=maybe_recompile pc=0x000000000339d340 method=java.util.HashMap.getNode(ILjava/lang/Object;)Ljava/util/HashMap$Node; @ 126

Classes redefined (0 events):
No events

Internal exceptions (4 events):
Event: 0.036 Thread 0x0000000000f0d800 Exception <a 'java/lang/NoSuchMethodError': Method sun.misc.Unsafe.defineClass(Ljava/lang/String;[BII)Ljava/lang/Class; name or signature does not match> (0x000000076ab07cb0) thrown at [D:\src\AOSP-openjdk-cygwin\jdk8u\hotspot\src\share\vm\prims\jni.cpp, 
Event: 0.036 Thread 0x0000000000f0d800 Exception <a 'java/lang/NoSuchMethodError': Method sun.misc.Unsafe.prefetchRead(Ljava/lang/Object;J)V name or signature does not match> (0x000000076ab07f98) thrown at [D:\src\AOSP-openjdk-cygwin\jdk8u\hotspot\src\share\vm\prims\jni.cpp, line 4012]
Event: 0.744 Thread 0x000000001df01800 Implicit null exception at 0x00000000031499a2 to 0x0000000003149ab1
Event: 0.913 Thread 0x000000001e013000 Implicit null exception at 0x0000000003336cae to 0x0000000003337a79

Events (10 events):
Event: 1.303 Thread 0x000000001df01800 DEOPT PACKING pc=0x00000000034862dc sp=0x000000001e93e440
Event: 1.303 Thread 0x000000001df01800 DEOPT UNPACKING pc=0x0000000002e5557b sp=0x000000001e93e430 mode 2
Event: 1.399 Thread 0x000000001df01800 DEOPT PACKING pc=0x00000000033115c2 sp=0x000000001e93e2f0
Event: 1.399 Thread 0x000000001df01800 DEOPT UNPACKING pc=0x0000000002e575d0 sp=0x000000001e93e0d8 mode 0
Event: 1.406 Thread 0x000000001e013000 Uncommon trap: trap_request=0xffffffc6 fr.pc=0x000000000339d340
Event: 1.406 Thread 0x000000001e013000 DEOPT PACKING pc=0x000000000339d340 sp=0x000000001e73e5f0
Event: 1.406 Thread 0x000000001e013000 DEOPT UNPACKING pc=0x0000000002e5557b sp=0x000000001e73e570 mode 2
Event: 1.432 Thread 0x000000001df9c800 DEOPT PACKING pc=0x00000000033115c2 sp=0x000000001e53ea70
Event: 1.432 Thread 0x000000001df9c800 DEOPT UNPACKING pc=0x0000000002e575d0 sp=0x000000001e53e858 mode 0
Event: 1.454 Executing VM operation: ParallelGCFailedAllocation


Dynamic libraries:
0x00007ff609f10000 - 0x00007ff609f41000 	C:\Program Files\Android\Android Studio\jre\bin\java.exe
0x00007ffa524a0000 - 0x00007ffa52690000 	C:\Windows\SYSTEM32\ntdll.dll
0x00007ffa50b20000 - 0x00007ffa50bd2000 	C:\Windows\System32\KERNEL32.DLL
0x00007ffa4f430000 - 0x00007ffa4f6d3000 	C:\Windows\System32\KERNELBASE.dll
0x00007ffa507c0000 - 0x00007ffa50863000 	C:\Windows\System32\ADVAPI32.dll
0x00007ffa51dc0000 - 0x00007ffa51e5e000 	C:\Windows\System32\msvcrt.dll
0x00007ffa50be0000 - 0x00007ffa50c77000 	C:\Windows\System32\sechost.dll
0x00007ffa50550000 - 0x00007ffa50670000 	C:\Windows\System32\RPCRT4.dll
0x00007ffa50c80000 - 0x00007ffa50e14000 	C:\Windows\System32\USER32.dll
0x00007ffa4f860000 - 0x00007ffa4f881000 	C:\Windows\System32\win32u.dll
0x00007ffa51f10000 - 0x00007ffa51f36000 	C:\Windows\System32\GDI32.dll
0x00007ffa4fae0000 - 0x00007ffa4fc74000 	C:\Windows\System32\gdi32full.dll
0x00007ffa4fd30000 - 0x00007ffa4fdce000 	C:\Windows\System32\msvcp_win.dll
0x00007ffa4f9e0000 - 0x00007ffa4fada000 	C:\Windows\System32\ucrtbase.dll
0x00007ffa3eda0000 - 0x00007ffa3f025000 	C:\Windows\WinSxS\amd64_microsoft.windows.common-controls_6595b64144ccf1df_6.0.18362.778_none_e6c6b761130d4fb8\COMCTL32.dll
0x00007ffa51090000 - 0x00007ffa513c6000 	C:\Windows\System32\combase.dll
0x00007ffa4f7b0000 - 0x00007ffa4f830000 	C:\Windows\System32\bcryptPrimitives.dll
0x00007ffa50af0000 - 0x00007ffa50b1e000 	C:\Windows\System32\IMM32.DLL
0x000000005bd70000 - 0x000000005be42000 	C:\Program Files\Android\Android Studio\jre\jre\bin\msvcr100.dll
0x000000005bf30000 - 0x000000005c776000 	C:\Program Files\Android\Android Studio\jre\jre\bin\server\jvm.dll
0x00007ffa50870000 - 0x00007ffa50878000 	C:\Windows\System32\PSAPI.DLL
0x00007ffa3df20000 - 0x00007ffa3df29000 	C:\Windows\SYSTEM32\WSOCK32.dll
0x00007ffa4d490000 - 0x00007ffa4d4b4000 	C:\Windows\SYSTEM32\WINMM.dll
0x00007ffa50a80000 - 0x00007ffa50aef000 	C:\Windows\System32\WS2_32.dll
0x00007ffa4a9e0000 - 0x00007ffa4a9ea000 	C:\Windows\SYSTEM32\VERSION.dll
0x00007ffa4d460000 - 0x00007ffa4d48d000 	C:\Windows\SYSTEM32\WINMMBASE.dll
0x00007ffa4f700000 - 0x00007ffa4f74a000 	C:\Windows\System32\cfgmgr32.dll
0x00007ffa3b210000 - 0x00007ffa3b21f000 	C:\Program Files\Android\Android Studio\jre\jre\bin\verify.dll
0x00007ffa39c10000 - 0x00007ffa39c39000 	C:\Program Files\Android\Android Studio\jre\jre\bin\java.dll
0x00007ffa398b0000 - 0x00007ffa398c6000 	C:\Program Files\Android\Android Studio\jre\jre\bin\zip.dll
0x00007ffa514a0000 - 0x00007ffa51b85000 	C:\Windows\System32\SHELL32.dll
0x00007ffa523b0000 - 0x00007ffa52459000 	C:\Windows\System32\shcore.dll
0x00007ffa4fdd0000 - 0x00007ffa50550000 	C:\Windows\System32\windows.storage.dll
0x00007ffa4f390000 - 0x00007ffa4f3b3000 	C:\Windows\System32\profapi.dll
0x00007ffa4f3e0000 - 0x00007ffa4f42a000 	C:\Windows\System32\powrprof.dll
0x00007ffa4f360000 - 0x00007ffa4f370000 	C:\Windows\System32\UMPDC.dll
0x00007ffa50a20000 - 0x00007ffa50a72000 	C:\Windows\System32\shlwapi.dll
0x00007ffa4f370000 - 0x00007ffa4f381000 	C:\Windows\System32\kernel.appcore.dll
0x00007ffa4f6e0000 - 0x00007ffa4f6f7000 	C:\Windows\System32\cryptsp.dll

VM Arguments:
jvm_args: -Djava.awt.headless=true -Xmx4g -Dfile.encoding=windows-1252 -Duser.country=US -Duser.language=en -Duser.variant 
java_command: com.android.dx.command.Main --dex --num-threads=4 --multi-dex --output C:\Users\boora\Downloads\finalandroid\jinsongo-mla-android-7b143deb8a78\app\build\intermediates\transforms\dex\debug\folders\1000\1\debug_ec762b8d369475cabc720128c4c14f112c727c15 C:\Users\boora\Downloads\finalandroid\jinsongo-mla-android-7b143deb8a78\app\build\intermediates\classes\debug
java_class_path (initial): C:\Users\boora\AppData\Local\Android\Sdk\build-tools\25.0.0\lib\dx.jar
Launcher Type: SUN_STANDARD

Environment Variables:
PATH=C:\Windows\system32;C:\Windows;C:\Windows\System32\Wbem;C:\Windows\System32\WindowsPowerShell\v1.0\;C:\Windows\System32\OpenSSH\;C:\Program Files (x86)\Microsoft SQL Server\150\DTS\Binn\;C:\Program Files\dotnet\;C:\Program Files\Microsoft SQL Server\130\Tools\Binn\;C:\Program Files\Microsoft SQL Server\Client SDK\ODBC\170\Tools\Binn\;C:\Users\boora\AppData\Local\Microsoft\WindowsApps;
USERNAME=boora
OS=Windows_NT
PROCESSOR_IDENTIFIER=Intel64 Family 6 Model 142 Stepping 9, GenuineIntel



---------------  S Y S T E M  ---------------

OS: Windows 10.0 , 64 bit Build 18362 (10.0.18362.778)

CPU:total 4 (initial active 4) (2 cores per cpu, 2 threads per core) family 6 model 142 stepping 9, cmov, cx8, fxsr, mmx, sse, sse2, sse3, ssse3, sse4.1, sse4.2, popcnt, avx, avx2, aes, clmul, erms, 3dnowpref, lzcnt, ht, tsc, tscinvbit, bmi1, bmi2, adx

Memory: 4k page, physical 8246480k(1491536k free), swap 12659412k(6860k free)

vm_info: OpenJDK 64-Bit Server VM (25.202-b03) for windows-amd64 JRE (1.8.0_202-release-1483-b03), built by "builder" with MS VC++ 10.0 (VS2010)

time: Fri Apr 24 12:45:33 2020
timezone: Pacific Daylight Time
elapsed time: 1 seconds (0d 0h 0m 1s)

