#
# There is insufficient memory for the Java Runtime Environment to continue.
# Native memory allocation (malloc) failed to allocate 32744 bytes for ChunkPool::allocate
# Possible reasons:
#   The system is out of physical RAM or swap space
#   The process is running with CompressedOops enabled, and the Java Heap may be blocking the growth of the native heap
# Possible solutions:
#   Reduce memory load on the system
#   Increase physical memory or swap space
#   Check if swap backing store is full
#   Decrease Java heap size (-Xmx/-Xms)
#   Decrease number of Java threads
#   Decrease Java thread stack sizes (-Xss)
#   Set larger code cache with -XX:ReservedCodeCacheSize=
#   JVM is running with Zero Based Compressed Oops mode in which the Java heap is
#     placed in the first 32GB address space. The Java Heap base address is the
#     maximum limit for the native heap growth. Please use -XX:HeapBaseMinAddress
#     to set the Java Heap base and to place the Java Heap above 32GB virtual address.
# This output file may be truncated or incomplete.
#
#  Out of Memory Error (allocation.cpp:272), pid=4300, tid=0x0000000000003db4
#
# JRE version: OpenJDK Runtime Environment (8.0_202-b03) (build 1.8.0_202-release-1483-b03)
# Java VM: OpenJDK 64-Bit Server VM (25.202-b03 mixed mode windows-amd64 compressed oops)
# Failed to write core dump. Minidumps are not enabled by default on client versions of Windows
#

---------------  T H R E A D  ---------------

Current thread (0x000000001c98f000):  JavaThread "C2 CompilerThread1" daemon [_thread_in_native, id=15796, stack(0x000000001e0e0000,0x000000001e1e0000)]

Stack: [0x000000001e0e0000,0x000000001e1e0000]
[error occurred during error reporting (printing stack bounds), id 0xc0000005]

Native frames: (J=compiled Java code, j=interpreted, Vv=VM code, C=native code)


Current CompileTask:
C2:    561  469       4       java.util.ArrayList::add (29 bytes)


---------------  P R O C E S S  ---------------

Java Threads: ( => current thread )
  0x000000001e57a800 JavaThread "pool-2-thread-4" [_thread_blocked, id=15668, stack(0x000000001ece0000,0x000000001ede0000)]
  0x000000001e443800 JavaThread "pool-2-thread-3" [_thread_blocked, id=3724, stack(0x000000001ebe0000,0x000000001ece0000)]
  0x000000001e443000 JavaThread "pool-2-thread-2" [_thread_in_Java, id=10908, stack(0x000000001eae0000,0x000000001ebe0000)]
  0x000000001e43f000 JavaThread "pool-3-thread-1" [_thread_blocked, id=15780, stack(0x000000001e9e0000,0x000000001eae0000)]
  0x000000001e448800 JavaThread "pool-2-thread-1" [_thread_in_Java, id=17380, stack(0x000000001e8e0000,0x000000001e9e0000)]
  0x000000001e303000 JavaThread "Service Thread" daemon [_thread_blocked, id=4748, stack(0x000000001e6e0000,0x000000001e7e0000)]
  0x000000001c99a800 JavaThread "C1 CompilerThread2" daemon [_thread_in_native, id=16132, stack(0x000000001e1e0000,0x000000001e2e0000)]
=>0x000000001c98f000 JavaThread "C2 CompilerThread1" daemon [_thread_in_native, id=15796, stack(0x000000001e0e0000,0x000000001e1e0000)]
  0x000000001c98a800 JavaThread "C2 CompilerThread0" daemon [_thread_blocked, id=15472, stack(0x000000001dfe0000,0x000000001e0e0000)]
  0x000000001c989000 JavaThread "Attach Listener" daemon [_thread_blocked, id=13192, stack(0x000000001dee0000,0x000000001dfe0000)]
  0x000000001c988000 JavaThread "Signal Dispatcher" daemon [_thread_blocked, id=8480, stack(0x000000001dde0000,0x000000001dee0000)]
  0x000000000325b000 JavaThread "Finalizer" daemon [_thread_blocked, id=16740, stack(0x000000001dbe0000,0x000000001dce0000)]
  0x000000001c979000 JavaThread "Reference Handler" daemon [_thread_blocked, id=12108, stack(0x000000001dae0000,0x000000001dbe0000)]
  0x00000000032bd800 JavaThread "main" [_thread_in_vm, id=4788, stack(0x0000000003000000,0x0000000003100000)]

Other Threads:
  0x000000001c957800 VMThread [stack: 0x000000001d9e0000,0x000000001dae0000] [id=11160]
  0x000000001e304800 WatcherThread [stack: 0x000000001e7e0000,0x000000001e8e0000] [id=4128]

VM state:not at safepoint (normal execution)

VM Mutex/Monitor currently owned by a thread: None

heap address: 0x00000006c0000000, size: 4096 MB, Compressed Oops mode: Zero based, Oop shift amount: 3
Narrow klass base: 0x0000000000000000, Narrow klass shift: 3
Compressed class space size: 1073741824 Address: 0x00000007c0000000

Heap:
 PSYoungGen      total 37888K, used 13130K [0x000000076ab00000, 0x000000076d500000, 0x00000007c0000000)
  eden space 32768K, 40% used [0x000000076ab00000,0x000000076b7d2940,0x000000076cb00000)
  from space 5120K, 0% used [0x000000076d000000,0x000000076d000000,0x000000076d500000)
  to   space 5120K, 0% used [0x000000076cb00000,0x000000076cb00000,0x000000076d000000)
 ParOldGen       total 86016K, used 0K [0x00000006c0000000, 0x00000006c5400000, 0x000000076ab00000)
  object space 86016K, 0% used [0x00000006c0000000,0x00000006c0000000,0x00000006c5400000)
 Metaspace       used 5192K, capacity 6448K, committed 6528K, reserved 1056768K
  class space    used 545K, capacity 616K, committed 640K, reserved 1048576K

Card table byte_map: [0x0000000012680000,0x0000000012e90000] byte_map_base: 0x000000000f080000

Marking Bits: (ParMarkBitMap*) 0x000000005c6f9f30
 Begin Bits: [0x00000000137f0000, 0x00000000177f0000)
 End Bits:   [0x00000000177f0000, 0x000000001b7f0000)

Polling page: 0x00000000014c0000

CodeCache: size=245760Kb used=2094Kb max_used=2106Kb free=243665Kb
 bounds [0x00000000032c0000, 0x0000000003530000, 0x00000000122c0000]
 total_blobs=697 nmethods=437 adapters=174
 compilation: enabled

Compilation events (10 events):
Event: 0.548 Thread 0x000000001c98a800 nmethod 456 0x00000000034cac50 code [0x00000000034cadc0, 0x00000000034cb158]
Event: 0.549 Thread 0x000000001c98a800  459       4       java.util.ArrayList$Itr::hasNext (20 bytes)
Event: 0.549 Thread 0x000000001c98a800 nmethod 459 0x00000000034ccbd0 code [0x00000000034ccd00, 0x00000000034ccd98]
Event: 0.550 Thread 0x000000001c98a800  460       4       java.util.ArrayList$Itr::next (66 bytes)
Event: 0.551 Thread 0x000000001c98f000 nmethod 404 0x00000000034d0b10 code [0x00000000034d0cc0, 0x00000000034d1a08]
Event: 0.552 Thread 0x000000001c98a800 nmethod 460 0x00000000034ca890 code [0x00000000034ca9e0, 0x00000000034caaf8]
Event: 0.556 Thread 0x000000001c98f000  469       4       java.util.ArrayList::add (29 bytes)
Event: 0.556 Thread 0x000000001c98a800  470       4       java.util.BitSet::checkInvariants (111 bytes)
Event: 0.556 Thread 0x000000001c98a800 nmethod 470 0x00000000034bf790 code [0x00000000034bf8c0, 0x00000000034bf918]
Event: 0.559 Thread 0x000000001c98a800  484   !   4       com.android.dx.util.FixedSizeList::set0 (22 bytes)

GC Heap History (0 events):
No events

Deoptimization events (2 events):
Event: 0.385 Thread 0x000000001e443800 Uncommon trap: reason=unstable_if action=reinterpret pc=0x0000000003403764 method=java.lang.String.indexOf(II)I @ 49
Event: 0.553 Thread 0x000000001e443000 Uncommon trap: reason=unstable_if action=reinterpret pc=0x00000000034d181c method=java.util.TreeMap.fixAfterInsertion(Ljava/util/TreeMap$Entry;)V @ 212

Classes redefined (0 events):
No events

Internal exceptions (2 events):
Event: 0.140 Thread 0x00000000032bd800 Exception <a 'java/lang/NoSuchMethodError': Method sun.misc.Unsafe.defineClass(Ljava/lang/String;[BII)Ljava/lang/Class; name or signature does not match> (0x000000076ab07cb0) thrown at [D:\src\AOSP-openjdk-cygwin\jdk8u\hotspot\src\share\vm\prims\jni.cpp, 
Event: 0.140 Thread 0x00000000032bd800 Exception <a 'java/lang/NoSuchMethodError': Method sun.misc.Unsafe.prefetchRead(Ljava/lang/Object;J)V name or signature does not match> (0x000000076ab07f98) thrown at [D:\src\AOSP-openjdk-cygwin\jdk8u\hotspot\src\share\vm\prims\jni.cpp, line 4012]

Events (10 events):
Event: 0.504 loading class com/android/dx/dex/file/DebugInfoItem done
Event: 0.504 loading class com/android/dx/rop/annotation/AnnotationsList
Event: 0.504 loading class com/android/dx/rop/annotation/AnnotationsList done
Event: 0.505 loading class com/android/dx/dex/file/MethodIdItem
Event: 0.505 loading class com/android/dx/dex/file/MethodIdItem done
Event: 0.537 loading class com/android/dx/cf/code/BytecodeArray$ConstantParserVisitor
Event: 0.537 loading class com/android/dx/cf/code/BytecodeArray$ConstantParserVisitor done
Event: 0.553 Thread 0x000000001e443000 Uncommon trap: trap_request=0xffffff65 fr.pc=0x00000000034d181c
Event: 0.553 Thread 0x000000001e443000 DEOPT PACKING pc=0x00000000034d181c sp=0x000000001ebded40
Event: 0.553 Thread 0x000000001e443000 DEOPT UNPACKING pc=0x000000000330557b sp=0x000000001ebdec80 mode 2


Dynamic libraries:
0x00007ff609f10000 - 0x00007ff609f41000 	C:\Program Files\Android\Android Studio\jre\bin\java.exe
0x00007ffa524a0000 - 0x00007ffa52690000 	C:\Windows\SYSTEM32\ntdll.dll
0x00007ffa50b20000 - 0x00007ffa50bd2000 	C:\Windows\System32\KERNEL32.DLL
0x00007ffa4f430000 - 0x00007ffa4f6d3000 	C:\Windows\System32\KERNELBASE.dll
0x00007ffa507c0000 - 0x00007ffa50863000 	C:\Windows\System32\ADVAPI32.dll
0x00007ffa51dc0000 - 0x00007ffa51e5e000 	C:\Windows\System32\msvcrt.dll
0x00007ffa50be0000 - 0x00007ffa50c77000 	C:\Windows\System32\sechost.dll
0x00007ffa50550000 - 0x00007ffa50670000 	C:\Windows\System32\RPCRT4.dll
0x00007ffa50c80000 - 0x00007ffa50e14000 	C:\Windows\System32\USER32.dll
0x00007ffa4f860000 - 0x00007ffa4f881000 	C:\Windows\System32\win32u.dll
0x00007ffa51f10000 - 0x00007ffa51f36000 	C:\Windows\System32\GDI32.dll
0x00007ffa4fae0000 - 0x00007ffa4fc74000 	C:\Windows\System32\gdi32full.dll
0x00007ffa4fd30000 - 0x00007ffa4fdce000 	C:\Windows\System32\msvcp_win.dll
0x00007ffa4f9e0000 - 0x00007ffa4fada000 	C:\Windows\System32\ucrtbase.dll
0x00007ffa3eda0000 - 0x00007ffa3f025000 	C:\Windows\WinSxS\amd64_microsoft.windows.common-controls_6595b64144ccf1df_6.0.18362.778_none_e6c6b761130d4fb8\COMCTL32.dll
0x00007ffa51090000 - 0x00007ffa513c6000 	C:\Windows\System32\combase.dll
0x00007ffa4f7b0000 - 0x00007ffa4f830000 	C:\Windows\System32\bcryptPrimitives.dll
0x00007ffa50af0000 - 0x00007ffa50b1e000 	C:\Windows\System32\IMM32.DLL
0x000000005bd70000 - 0x000000005be42000 	C:\Program Files\Android\Android Studio\jre\jre\bin\msvcr100.dll
0x000000005bf30000 - 0x000000005c776000 	C:\Program Files\Android\Android Studio\jre\jre\bin\server\jvm.dll
0x00007ffa50870000 - 0x00007ffa50878000 	C:\Windows\System32\PSAPI.DLL
0x00007ffa3df20000 - 0x00007ffa3df29000 	C:\Windows\SYSTEM32\WSOCK32.dll
0x00007ffa50a80000 - 0x00007ffa50aef000 	C:\Windows\System32\WS2_32.dll
0x00007ffa4d490000 - 0x00007ffa4d4b4000 	C:\Windows\SYSTEM32\WINMM.dll
0x00007ffa4a9e0000 - 0x00007ffa4a9ea000 	C:\Windows\SYSTEM32\VERSION.dll
0x00007ffa4d460000 - 0x00007ffa4d48d000 	C:\Windows\SYSTEM32\WINMMBASE.dll
0x00007ffa4f700000 - 0x00007ffa4f74a000 	C:\Windows\System32\cfgmgr32.dll
0x00007ffa3b210000 - 0x00007ffa3b21f000 	C:\Program Files\Android\Android Studio\jre\jre\bin\verify.dll
0x00007ffa39c10000 - 0x00007ffa39c39000 	C:\Program Files\Android\Android Studio\jre\jre\bin\java.dll
0x00007ffa398b0000 - 0x00007ffa398c6000 	C:\Program Files\Android\Android Studio\jre\jre\bin\zip.dll
0x00007ffa514a0000 - 0x00007ffa51b85000 	C:\Windows\System32\SHELL32.dll
0x00007ffa523b0000 - 0x00007ffa52459000 	C:\Windows\System32\shcore.dll
0x00007ffa4fdd0000 - 0x00007ffa50550000 	C:\Windows\System32\windows.storage.dll
0x00007ffa4f390000 - 0x00007ffa4f3b3000 	C:\Windows\System32\profapi.dll
0x00007ffa4f3e0000 - 0x00007ffa4f42a000 	C:\Windows\System32\powrprof.dll
0x00007ffa4f360000 - 0x00007ffa4f370000 	C:\Windows\System32\UMPDC.dll
0x00007ffa50a20000 - 0x00007ffa50a72000 	C:\Windows\System32\shlwapi.dll
0x00007ffa4f370000 - 0x00007ffa4f381000 	C:\Windows\System32\kernel.appcore.dll
0x00007ffa4f6e0000 - 0x00007ffa4f6f7000 	C:\Windows\System32\cryptsp.dll

VM Arguments:
jvm_args: -Djava.awt.headless=true -Xmx4g -Dfile.encoding=windows-1252 -Duser.country=US -Duser.language=en -Duser.variant 
java_command: com.android.dx.command.Main --dex --num-threads=4 --multi-dex --output C:\Users\boora\Downloads\finalandroid\jinsongo-mla-android-7b143deb8a78\app\build\intermediates\transforms\dex\debug\folders\1000\1\debug_ec762b8d369475cabc720128c4c14f112c727c15 C:\Users\boora\Downloads\finalandroid\jinsongo-mla-android-7b143deb8a78\app\build\intermediates\classes\debug
java_class_path (initial): C:\Users\boora\AppData\Local\Android\Sdk\build-tools\25.0.0\lib\dx.jar
Launcher Type: SUN_STANDARD

Environment Variables:
PATH=C:\Windows\system32;C:\Windows;C:\Windows\System32\Wbem;C:\Windows\System32\WindowsPowerShell\v1.0\;C:\Windows\System32\OpenSSH\;C:\Program Files (x86)\Microsoft SQL Server\150\DTS\Binn\;C:\Program Files\dotnet\;C:\Program Files\Microsoft SQL Server\130\Tools\Binn\;C:\Program Files\Microsoft SQL Server\Client SDK\ODBC\170\Tools\Binn\;C:\Users\boora\AppData\Local\Microsoft\WindowsApps;
USERNAME=boora
OS=Windows_NT
PROCESSOR_IDENTIFIER=Intel64 Family 6 Model 142 Stepping 9, GenuineIntel



---------------  S Y S T E M  ---------------

OS: Windows 10.0 , 64 bit Build 18362 (10.0.18362.778)

CPU:total 4 (initial active 4) (2 cores per cpu, 2 threads per core) family 6 model 142 stepping 9, cmov, cx8, fxsr, mmx, sse, sse2, sse3, ssse3, sse4.1, sse4.2, popcnt, avx, avx2, aes, clmul, erms, 3dnowpref, lzcnt, ht, tsc, tscinvbit, bmi1, bmi2, adx

Memory: 4k page, physical 8246480k(1486276k free), swap 12659412k(5120k free)

vm_info: OpenJDK 64-Bit Server VM (25.202-b03) for windows-amd64 JRE (1.8.0_202-release-1483-b03), built by "builder" with MS VC++ 10.0 (VS2010)

time: Fri Apr 24 12:49:50 2020
timezone: Pacific Daylight Time
elapsed time: 0 seconds (0d 0h 0m 0s)

