#
# There is insufficient memory for the Java Runtime Environment to continue.
# Native memory allocation (malloc) failed to allocate 394176 bytes for Chunk::new
# Possible reasons:
#   The system is out of physical RAM or swap space
#   The process is running with CompressedOops enabled, and the Java Heap may be blocking the growth of the native heap
# Possible solutions:
#   Reduce memory load on the system
#   Increase physical memory or swap space
#   Check if swap backing store is full
#   Decrease Java heap size (-Xmx/-Xms)
#   Decrease number of Java threads
#   Decrease Java thread stack sizes (-Xss)
#   Set larger code cache with -XX:ReservedCodeCacheSize=
#   JVM is running with Unscaled Compressed Oops mode in which the Java heap is
#     placed in the first 4GB address space. The Java Heap base address is the
#     maximum limit for the native heap growth. Please use -XX:HeapBaseMinAddress
#     to set the Java Heap base and to place the Java Heap above 4GB virtual address.
# This output file may be truncated or incomplete.
#
#  Out of Memory Error (allocation.cpp:389), pid=4460, tid=0x00000000000028d4
#
# JRE version: OpenJDK Runtime Environment (8.0_202-b03) (build 1.8.0_202-release-1483-b03)
# Java VM: OpenJDK 64-Bit Server VM (25.202-b03 mixed mode windows-amd64 compressed oops)
# Failed to write core dump. Minidumps are not enabled by default on client versions of Windows
#

---------------  T H R E A D  ---------------

Current thread (0x0000000015198000):  JavaThread "C2 CompilerThread0" daemon [_thread_in_native, id=10452, stack(0x00000000167f0000,0x00000000168f0000)]

Stack: [0x00000000167f0000,0x00000000168f0000]
[error occurred during error reporting (printing stack bounds), id 0xc0000005]

Native frames: (J=compiled Java code, j=interpreted, Vv=VM code, C=native code)


Current CompileTask:
C2:   3202 2226 %     4       com.android.dx.dex.code.LocalList::make @ 16 (102 bytes)


---------------  P R O C E S S  ---------------

Java Threads: ( => current thread )
  0x0000000016b10800 JavaThread "Service Thread" daemon [_thread_blocked, id=7512, stack(0x0000000016ef0000,0x0000000016ff0000)]
  0x00000000151a8000 JavaThread "C1 CompilerThread2" daemon [_thread_blocked, id=16048, stack(0x00000000169f0000,0x0000000016af0000)]
  0x000000001519d000 JavaThread "C2 CompilerThread1" daemon [_thread_in_native, id=14056, stack(0x00000000168f0000,0x00000000169f0000)]
=>0x0000000015198000 JavaThread "C2 CompilerThread0" daemon [_thread_in_native, id=10452, stack(0x00000000167f0000,0x00000000168f0000)]
  0x00000000151a6000 JavaThread "Attach Listener" daemon [_thread_blocked, id=12948, stack(0x00000000166f0000,0x00000000167f0000)]
  0x00000000151a4800 JavaThread "Signal Dispatcher" daemon [_thread_blocked, id=1564, stack(0x00000000165f0000,0x00000000166f0000)]
  0x0000000002acb000 JavaThread "Finalizer" daemon [_thread_blocked, id=3816, stack(0x00000000163f0000,0x00000000164f0000)]
  0x0000000015189000 JavaThread "Reference Handler" daemon [_thread_blocked, id=15888, stack(0x00000000162f0000,0x00000000163f0000)]
  0x0000000000f7d800 JavaThread "main" [_thread_in_vm, id=3824, stack(0x00000000027e0000,0x00000000028e0000)]

Other Threads:
  0x0000000015166800 VMThread [stack: 0x00000000161f0000,0x00000000162f0000] [id=16312]
  0x00000000151fc800 WatcherThread [stack: 0x0000000016ff0000,0x00000000170f0000] [id=8024]

VM state:not at safepoint (normal execution)

VM Mutex/Monitor currently owned by a thread:  ([mutex/lock_event])
[0x0000000000f7d560] AdapterHandlerLibrary_lock - owner thread: 0x0000000000f7d800

heap address: 0x00000000c0000000, size: 1024 MB, Compressed Oops mode: 32-bit
Narrow klass base: 0x0000000000000000, Narrow klass shift: 3
Compressed class space size: 1073741824 Address: 0x0000000100000000

Heap:
 PSYoungGen      total 136192K, used 44548K [0x00000000eab00000, 0x00000000f3500000, 0x0000000100000000)
  eden space 131072K, 30% used [0x00000000eab00000,0x00000000ed1848a8,0x00000000f2b00000)
  from space 5120K, 99% used [0x00000000f3000000,0x00000000f34fc758,0x00000000f3500000)
  to   space 5120K, 0% used [0x00000000f2b00000,0x00000000f2b00000,0x00000000f3000000)
 ParOldGen       total 86016K, used 29362K [0x00000000c0000000, 0x00000000c5400000, 0x00000000eab00000)
  object space 86016K, 34% used [0x00000000c0000000,0x00000000c1caca10,0x00000000c5400000)
 Metaspace       used 6432K, capacity 7408K, committed 7552K, reserved 1056768K
  class space    used 578K, capacity 616K, committed 640K, reserved 1048576K

Card table byte_map: [0x0000000011e90000,0x00000000120a0000] byte_map_base: 0x0000000011890000

Marking Bits: (ParMarkBitMap*) 0x0000000051249f30
 Begin Bits: [0x0000000012600000, 0x0000000013600000)
 End Bits:   [0x0000000013600000, 0x0000000014600000)

Polling page: 0x0000000000ae0000

CodeCache: size=245760Kb used=8518Kb max_used=8531Kb free=237242Kb
 bounds [0x0000000002ad0000, 0x0000000003330000, 0x0000000011ad0000]
 total_blobs=2473 nmethods=2211 adapters=175
 compilation: enabled

Compilation events (10 events):
Event: 3.172 Thread 0x00000000151a8000 2236       1       com.android.dx.dex.code.form.Form12x::codeSize (2 bytes)
Event: 3.172 Thread 0x00000000151a8000 nmethod 2236 0x000000000331c050 code [0x000000000331c1a0, 0x000000000331c2b0]
Event: 3.174 Thread 0x000000001519d000 nmethod 2223 0x000000000331b010 code [0x000000000331b1a0, 0x000000000331ba78]
Event: 3.174 Thread 0x000000001519d000 2235       4       com.android.dx.dex.code.OutputFinisher::makeOpcodesArray (45 bytes)
Event: 3.181 Thread 0x000000001519d000 nmethod 2235 0x000000000331e150 code [0x000000000331e2a0, 0x000000000331e5b8]
Event: 3.181 Thread 0x000000001519d000 2234       4       com.android.dx.dex.code.OutputFinisher::assignIndices (46 bytes)
Event: 3.181 Thread 0x00000000151a8000 2237       3       com.android.dx.util.ByteArrayAnnotatedOutput::writeUleb128 (34 bytes)
Event: 3.182 Thread 0x00000000151a8000 nmethod 2237 0x000000000331fd10 code [0x000000000331fe80, 0x00000000033200b8]
Event: 3.185 Thread 0x00000000151a8000 2238       1       com.android.dx.dex.code.form.Form20t::codeSize (2 bytes)
Event: 3.185 Thread 0x00000000151a8000 nmethod 2238 0x000000000331de10 code [0x000000000331df60, 0x000000000331e070]

GC Heap History (8 events):
Event: 0.976 GC heap before
{Heap before GC invocations=1 (full 0):
 PSYoungGen      total 37888K, used 32768K [0x00000000eab00000, 0x00000000ed500000, 0x0000000100000000)
  eden space 32768K, 100% used [0x00000000eab00000,0x00000000ecb00000,0x00000000ecb00000)
  from space 5120K, 0% used [0x00000000ed000000,0x00000000ed000000,0x00000000ed500000)
  to   space 5120K, 0% used [0x00000000ecb00000,0x00000000ecb00000,0x00000000ed000000)
 ParOldGen       total 86016K, used 0K [0x00000000c0000000, 0x00000000c5400000, 0x00000000eab00000)
  object space 86016K, 0% used [0x00000000c0000000,0x00000000c0000000,0x00000000c5400000)
 Metaspace       used 5733K, capacity 6896K, committed 7040K, reserved 1056768K
  class space    used 553K, capacity 616K, committed 640K, reserved 1048576K
Event: 0.990 GC heap after
Heap after GC invocations=1 (full 0):
 PSYoungGen      total 37888K, used 5088K [0x00000000eab00000, 0x00000000ef500000, 0x0000000100000000)
  eden space 32768K, 0% used [0x00000000eab00000,0x00000000eab00000,0x00000000ecb00000)
  from space 5120K, 99% used [0x00000000ecb00000,0x00000000ecff82a0,0x00000000ed000000)
  to   space 5120K, 0% used [0x00000000ef000000,0x00000000ef000000,0x00000000ef500000)
 ParOldGen       total 86016K, used 2764K [0x00000000c0000000, 0x00000000c5400000, 0x00000000eab00000)
  object space 86016K, 3% used [0x00000000c0000000,0x00000000c02b3280,0x00000000c5400000)
 Metaspace       used 5733K, capacity 6896K, committed 7040K, reserved 1056768K
  class space    used 553K, capacity 616K, committed 640K, reserved 1048576K
}
Event: 1.421 GC heap before
{Heap before GC invocations=2 (full 0):
 PSYoungGen      total 37888K, used 37856K [0x00000000eab00000, 0x00000000ef500000, 0x0000000100000000)
  eden space 32768K, 100% used [0x00000000eab00000,0x00000000ecb00000,0x00000000ecb00000)
  from space 5120K, 99% used [0x00000000ecb00000,0x00000000ecff82a0,0x00000000ed000000)
  to   space 5120K, 0% used [0x00000000ef000000,0x00000000ef000000,0x00000000ef500000)
 ParOldGen       total 86016K, used 2764K [0x00000000c0000000, 0x00000000c5400000, 0x00000000eab00000)
  object space 86016K, 3% used [0x00000000c0000000,0x00000000c02b3280,0x00000000c5400000)
 Metaspace       used 5980K, capacity 7088K, committed 7296K, reserved 1056768K
  class space    used 560K, capacity 616K, committed 640K, reserved 1048576K
Event: 1.449 GC heap after
Heap after GC invocations=2 (full 0):
 PSYoungGen      total 70656K, used 5119K [0x00000000eab00000, 0x00000000ef500000, 0x0000000100000000)
  eden space 65536K, 0% used [0x00000000eab00000,0x00000000eab00000,0x00000000eeb00000)
  from space 5120K, 99% used [0x00000000ef000000,0x00000000ef4fff28,0x00000000ef500000)
  to   space 5120K, 0% used [0x00000000eeb00000,0x00000000eeb00000,0x00000000ef000000)
 ParOldGen       total 86016K, used 9345K [0x00000000c0000000, 0x00000000c5400000, 0x00000000eab00000)
  object space 86016K, 10% used [0x00000000c0000000,0x00000000c0920708,0x00000000c5400000)
 Metaspace       used 5980K, capacity 7088K, committed 7296K, reserved 1056768K
  class space    used 560K, capacity 616K, committed 640K, reserved 1048576K
}
Event: 1.990 GC heap before
{Heap before GC invocations=3 (full 0):
 PSYoungGen      total 70656K, used 70655K [0x00000000eab00000, 0x00000000ef500000, 0x0000000100000000)
  eden space 65536K, 100% used [0x00000000eab00000,0x00000000eeb00000,0x00000000eeb00000)
  from space 5120K, 99% used [0x00000000ef000000,0x00000000ef4fff28,0x00000000ef500000)
  to   space 5120K, 0% used [0x00000000eeb00000,0x00000000eeb00000,0x00000000ef000000)
 ParOldGen       total 86016K, used 9345K [0x00000000c0000000, 0x00000000c5400000, 0x00000000eab00000)
  object space 86016K, 10% used [0x00000000c0000000,0x00000000c0920708,0x00000000c5400000)
 Metaspace       used 6045K, capacity 7152K, committed 7296K, reserved 1056768K
  class space    used 560K, capacity 616K, committed 640K, reserved 1048576K
Event: 2.037 GC heap after
Heap after GC invocations=3 (full 0):
 PSYoungGen      total 70656K, used 5104K [0x00000000eab00000, 0x00000000f3500000, 0x0000000100000000)
  eden space 65536K, 0% used [0x00000000eab00000,0x00000000eab00000,0x00000000eeb00000)
  from space 5120K, 99% used [0x00000000eeb00000,0x00000000eeffc0c0,0x00000000ef000000)
  to   space 5120K, 0% used [0x00000000f3000000,0x00000000f3000000,0x00000000f3500000)
 ParOldGen       total 86016K, used 19656K [0x00000000c0000000, 0x00000000c5400000, 0x00000000eab00000)
  object space 86016K, 22% used [0x00000000c0000000,0x00000000c1332330,0x00000000c5400000)
 Metaspace       used 6045K, capacity 7152K, committed 7296K, reserved 1056768K
  class space    used 560K, capacity 616K, committed 640K, reserved 1048576K
}
Event: 2.503 GC heap before
{Heap before GC invocations=4 (full 0):
 PSYoungGen      total 70656K, used 70640K [0x00000000eab00000, 0x00000000f3500000, 0x0000000100000000)
  eden space 65536K, 100% used [0x00000000eab00000,0x00000000eeb00000,0x00000000eeb00000)
  from space 5120K, 99% used [0x00000000eeb00000,0x00000000eeffc0c0,0x00000000ef000000)
  to   space 5120K, 0% used [0x00000000f3000000,0x00000000f3000000,0x00000000f3500000)
 ParOldGen       total 86016K, used 19656K [0x00000000c0000000, 0x00000000c5400000, 0x00000000eab00000)
  object space 86016K, 22% used [0x00000000c0000000,0x00000000c1332330,0x00000000c5400000)
 Metaspace       used 6091K, capacity 7152K, committed 7296K, reserved 1056768K
  class space    used 560K, capacity 616K, committed 640K, reserved 1048576K
Event: 2.543 GC heap after
Heap after GC invocations=4 (full 0):
 PSYoungGen      total 136192K, used 5105K [0x00000000eab00000, 0x00000000f3500000, 0x0000000100000000)
  eden space 131072K, 0% used [0x00000000eab00000,0x00000000eab00000,0x00000000f2b00000)
  from space 5120K, 99% used [0x00000000f3000000,0x00000000f34fc758,0x00000000f3500000)
  to   space 5120K, 0% used [0x00000000f2b00000,0x00000000f2b00000,0x00000000f3000000)
 ParOldGen       total 86016K, used 29362K [0x00000000c0000000, 0x00000000c5400000, 0x00000000eab00000)
  object space 86016K, 34% used [0x00000000c0000000,0x00000000c1caca10,0x00000000c5400000)
 Metaspace       used 6091K, capacity 7152K, committed 7296K, reserved 1056768K
  class space    used 560K, capacity 616K, committed 640K, reserved 1048576K
}

Deoptimization events (10 events):
Event: 2.770 Thread 0x0000000000f7d800 Uncommon trap: reason=class_check action=maybe_recompile pc=0x0000000003016d78 method=java.util.Arrays.hashCode([Ljava/lang/Object;)I @ 43
Event: 2.776 Thread 0x0000000000f7d800 Uncommon trap: reason=bimorphic action=maybe_recompile pc=0x0000000002d7b8ec method=java.util.HashMap.getNode(ILjava/lang/Object;)Ljava/util/HashMap$Node; @ 126
Event: 2.807 Thread 0x0000000000f7d800 Uncommon trap: reason=bimorphic action=maybe_recompile pc=0x00000000031af778 method=java.util.HashMap.putVal(ILjava/lang/Object;Ljava/lang/Object;ZZ)Ljava/lang/Object; @ 203
Event: 2.807 Thread 0x0000000000f7d800 Uncommon trap: reason=bimorphic action=maybe_recompile pc=0x00000000031af778 method=java.util.HashMap.putVal(ILjava/lang/Object;Ljava/lang/Object;ZZ)Ljava/lang/Object; @ 203
Event: 2.807 Thread 0x0000000000f7d800 Uncommon trap: reason=bimorphic action=maybe_recompile pc=0x00000000031af778 method=java.util.HashMap.putVal(ILjava/lang/Object;Ljava/lang/Object;ZZ)Ljava/lang/Object; @ 203
Event: 2.807 Thread 0x0000000000f7d800 Uncommon trap: reason=bimorphic action=maybe_recompile pc=0x00000000031af778 method=java.util.HashMap.putVal(ILjava/lang/Object;Ljava/lang/Object;ZZ)Ljava/lang/Object; @ 203
Event: 2.899 Thread 0x0000000000f7d800 Uncommon trap: reason=class_check action=maybe_recompile pc=0x0000000002e00e40 method=java.util.HashMap.putVal(ILjava/lang/Object;Ljava/lang/Object;ZZ)Ljava/lang/Object; @ 203
Event: 3.009 Thread 0x0000000000f7d800 Uncommon trap: reason=unstable_if action=reinterpret pc=0x00000000032963c4 method=com.android.dx.dex.code.OutputFinisher.findOpcodeForInsn(Lcom/android/dx/dex/code/DalvInsn;Lcom/android/dx/dex/code/Dop;)Lcom/android/dx/dex/code/Dop; @ 1
Event: 3.034 Thread 0x0000000000f7d800 Uncommon trap: reason=unstable_if action=reinterpret pc=0x0000000002cdff04 method=java.util.TreeMap.put(Ljava/lang/Object;Ljava/lang/Object;)Ljava/lang/Object; @ 163
Event: 3.058 Thread 0x0000000000f7d800 Uncommon trap: reason=unstable_if action=reinterpret pc=0x00000000032dbddc method=com.android.dx.dex.code.LocalList$MakeState.snapshot(ILcom/android/dx/rop/code/RegisterSpecSet;)V @ 51

Classes redefined (0 events):
No events

Internal exceptions (3 events):
Event: 0.045 Thread 0x0000000000f7d800 Exception <a 'java/lang/NoSuchMethodError': Method sun.misc.Unsafe.defineClass(Ljava/lang/String;[BII)Ljava/lang/Class; name or signature does not match> (0x00000000eab07cb0) thrown at [D:\src\AOSP-openjdk-cygwin\jdk8u\hotspot\src\share\vm\prims\jni.cpp, 
Event: 0.045 Thread 0x0000000000f7d800 Exception <a 'java/lang/NoSuchMethodError': Method sun.misc.Unsafe.prefetchRead(Ljava/lang/Object;J)V name or signature does not match> (0x00000000eab07f98) thrown at [D:\src\AOSP-openjdk-cygwin\jdk8u\hotspot\src\share\vm\prims\jni.cpp, line 4012]
Event: 0.778 Thread 0x0000000016d20000 Implicit null exception at 0x0000000002e9c8a2 to 0x0000000002e9c9a9

Events (10 events):
Event: 3.182 Thread 0x0000000000f7d800 DEOPT PACKING pc=0x0000000003293f70 sp=0x00000000028ded40
Event: 3.182 Thread 0x0000000000f7d800 DEOPT UNPACKING pc=0x0000000002b175d0 sp=0x00000000028dea90 mode 0
Event: 3.185 Thread 0x0000000000f7d800 DEOPT PACKING pc=0x00000000032b1b52 sp=0x00000000028dea80
Event: 3.185 Thread 0x0000000000f7d800 DEOPT UNPACKING pc=0x0000000002b175d0 sp=0x00000000028de838 mode 0
Event: 3.194 Thread 0x0000000000f7d800 DEOPT PACKING pc=0x0000000003293f70 sp=0x00000000028ded40
Event: 3.194 Thread 0x0000000000f7d800 DEOPT UNPACKING pc=0x0000000002b175d0 sp=0x00000000028dea90 mode 0
Event: 3.197 Thread 0x0000000000f7d800 DEOPT PACKING pc=0x00000000032b1b52 sp=0x00000000028dec00
Event: 3.197 Thread 0x0000000000f7d800 DEOPT UNPACKING pc=0x0000000002b175d0 sp=0x00000000028de9b8 mode 0
Event: 3.199 loading class com/android/dx/rop/code/RegisterSpec$1
Event: 3.199 loading class com/android/dx/rop/code/RegisterSpec$1 done


Dynamic libraries:
0x00007ff6985b0000 - 0x00007ff6985e1000 	C:\Program Files\Android\Android Studio\jre\jre\bin\java.dll
0x00007ff82ad60000 - 0x00007ff82af50000 	C:\Windows\SYSTEM32\ntdll.dll
0x00007ff829490000 - 0x00007ff829542000 	C:\Windows\System32\KERNEL32.DLL
0x00007ff8284d0000 - 0x00007ff828773000 	C:\Program Files\Android\Android Studio\jre\jre\bin\zip.dll
0x00007ff829320000 - 0x00007ff8293c3000 	C:\Windows\System32\ADVAPI32.dll
0x00007ff8293d0000 - 0x00007ff82946e000 	C:\Windows\System32\msvcrt.dll
0x00007ff82a4e0000 - 0x00007ff82a577000 	C:\Windows\System32\sechost.dll
0x00007ff82a020000 - 0x00007ff82a140000 	C:\Windows\System32\KERNEL32.DLL
0x00007ff829960000 - 0x00007ff829af4000 	C:\Windows\System32\ADVAPI32.dll
0x00007ff828de0000 - 0x00007ff828e01000 	C:\Windows\System32\sechost.dll
0x00007ff82acf0000 - 0x00007ff82ad16000 	C:\Windows\System32\GDI322.dl
0x00007ff828b40000 - 0x00007ff828cd4000 	C:\Windows\System32\win32u.dll
0x00007ff828780000 - 0x00007ff82881e000 	C:\Windows\System32\gdi32full.dll
0x00007ff828820000 - 0x00007ff82891a000 	C:\Windows\System32\msvcp_win.dll
0x00007ff817230000 - 0x00007ff8174b5000 	C:\Windows\WinSxS\amd64_microsoft.windows.common-controls_6595b64144ccf1df_6.0.18362.720_none_e6beb5c51314836b\COMCTL32.dll
0x00007ff82a1a0000 - 0x00007ff82a4d6000 	C:\Windows\System32\combase.dll
0x00007ff828d60000 - 0x00007ff828de0000 	C:\Windows\System32\bcryptPrimitives.dll
0x00007ff828e10000 - 0x00007ff828e3e000 	C:\Windows\System32\IMM32.DLL
0x00000000508c0000 - 0x0000000050992000 	C:\Program Files\Android\Android Studio\jre\jre\bin\server\jvm.dll
0x0000000050a80000 - 0x00000000512c6000 	C:\Windows\System32\PSAPI.DLL
0x00007ff829480000 - 0x00007ff829488000 	C:\Windows\SYSTEM32\WSOCK32.dll
0x00007ff8195d0000 - 0x00007ff8195d9000 	C:\Windows\System32\WS2_32.dll
0x00007ff829b80000 - 0x00007ff829bef000 	C:\Windows\System32\WS2_32.dll
0x00007ff825d50000 - 0x00007ff825d74000 	C:\Windows\SYSTEM32\WINMM.dll
0x00007ff823b10000 - 0x00007ff823b1a000 	C:\Windows\SYSTEM32\VERSION.dll
0x00007ff825d20000 - 0x00007ff825d4d000 	C:\Windows\SYSTEM32\winmmbase.dll
0x00007ff828d10000 - 0x00007ff828d5a000 	C:\Program Files\Android\Android Studio\jre\jre\bin\java.dll
0x00007ff8195c0000 - 0x00007ff8195cf000 	C:\Program Files\Android\Android Studio\jre\jre\bin\zip.dll
0x00007ff80e780000 - 0x00007ff80e7a9000 	C:\Program Files\Android\Android Studio\jre\jre\bin\java.dll
0x00007ff80e760000 - 0x00007ff80e776000 	C:\Program Files\Android\Android Studio\jre\jre\bin\zip.dll
0x00007ff82a580000 - 0x00007ff82ac65000 	C:\Windows\System32\SHELL32.dll
0x00007ff829c50000 - 0x00007ff829cf9000 	C:\Windows\System32\shcore.dll
0x00007ff827d50000 - 0x00007ff8284d0000 	C:\Windows\System32\windows.storage.dll
0x00007ff827cc0000 - 0x00007ff827ce3000 	C:\Windows\System32\profapi.dll
0x00007ff827c50000 - 0x00007ff827c9a000 	C:\Windows\System32\powrprof.dll
0x00007ff827c20000 - 0x00007ff827c30000 	C:\Windows\System32\UMPDC.dll
0x00007ff829bf0000 - 0x00007ff829c42000 	C:\Windows\System32\shlwapi.dll
0x00007ff827c30000 - 0x00007ff827c41000 	C:\Windows\System32\kernel.appcore.dll
0x00007ff828a70000 - 0x00007ff828a87000 	C:\Windows\System32\cryptsp.dll

VM Arguments:
jvm_args: -Djava.awt.headless=true -Xmx1024M -Dfile.encoding=windows-1252 -Duser.country=US -Duser.language=en -Duser.variant 
java_command: com.android.dx.command.Main --dex --num-threads=4 --output C:\Users\boora\Downloads\finalandroid\jinsongo-mla-android-7b143deb8a78\app\build\intermediates\pre-dexed\debug\debug_ec762b8d369475cabc720128c4c14f112c727c15.jar C:\Users\boora\Downloads\finalandroid\jinsongo-mla-android-7b143deb8a78\app\build\intermediates\classes\debug
java_class_path (initial): C:\Users\boora\AppData\Local\Android\Sdk\build-tools\25.0.0\lib\dx.jar
Launcher Type: SUN_STANDARD

Environment Variables:
PATH=C:\Windows\system32;C:\Windows;C:\Windows\System32\Wbem;C:\Windows\System32\WindowsPowerShell\v1.0\;C:\Windows\System32\OpenSSH\;C:\Program Files (x86)\Microsoft SQL Server\150\DTS\Binn\;C:\Program Files\dotnet\;C:\Program Files\Microsoft SQL Server\130\Tools\Binn\;C:\Program Files\Microsoft SQL Server\Client SDK\ODBC\170\Tools\Binn\;C:\Users\boora\AppData\Local\Microsoft\WindowsApps;
USERNAME=boora
OS=Windows_NT
PROCESSOR_IDENTIFIER=Intel64 Family 6 Model 142 Stepping 9, GenuineIntel



---------------  S Y S T E M  ---------------

OS: Windows 10.0 , 64 bit Build 18362 (10.0.18362.329)

CPU:total 4 (initial active 4) (2 cores per cpu, 2 threads per core) family 6 model 142 stepping 9, cmov, cx8, fxsr, mmx, sse, sse2, sse3, ssse3, sse4.1, sse4.2, popcnt, avx, avx2, aes, clmul, erms, 3dnowpref, lzcnt, ht, tsc, tscinvbit, bmi1, bmi2, adx

Memory: 4k page, physical 8246480k(1111264k free), swap 11527048k(18552k free)

vm_info: OpenJDK 64-Bit Server VM (25.202-b03) for windows-amd64 JRE (1.8.0_202-release-1483-b03), built by "builder" with MS VC++ 10.0 (VS2010)

time: Mon Mar 30 12:31:10 2020
timezone: Pacific Daylight Time
elapsed time: 3 seconds (0d 0h 0m 3s)

