#
# There is insufficient memory for the Java Runtime Environment to continue.
# Native memory allocation (malloc) failed to allocate 1685136 bytes for Chunk::new
# Possible reasons:
#   The system is out of physical RAM or swap space
#   The process is running with CompressedOops enabled, and the Java Heap may be blocking the growth of the native heap
# Possible solutions:
#   Reduce memory load on the system
#   Increase physical memory or swap space
#   Check if swap backing store is full
#   Decrease Java heap size (-Xmx/-Xms)
#   Decrease number of Java threads
#   Decrease Java thread stack sizes (-Xss)
#   Set larger code cache with -XX:ReservedCodeCacheSize=
#   JVM is running with Zero Based Compressed Oops mode in which the Java heap is
#     placed in the first 32GB address space. The Java Heap base address is the
#     maximum limit for the native heap growth. Please use -XX:HeapBaseMinAddress
#     to set the Java Heap base and to place the Java Heap above 32GB virtual address.
# This output file may be truncated or incomplete.
#
#  Out of Memory Error (allocation.cpp:389), pid=14064, tid=0x00000000000013d4
#
# JRE version: OpenJDK Runtime Environment (8.0_202-b03) (build 1.8.0_202-release-1483-b03)
# Java VM: OpenJDK 64-Bit Server VM (25.202-b03 mixed mode windows-amd64 compressed oops)
# Failed to write core dump. Minidumps are not enabled by default on client versions of Windows
#

---------------  T H R E A D  ---------------

Current thread (0x000000001c7f8000):  JavaThread "C2 CompilerThread0" daemon [_thread_in_native, id=5076, stack(0x000000001de70000,0x000000001df70000)]

Stack: [0x000000001de70000,0x000000001df70000]
[error occurred during error reporting (printing stack bounds), id 0xc0000005]

Native frames: (J=compiled Java code, j=interpreted, Vv=VM code, C=native code)


Current CompileTask:
C2:   2114 1793   !   4       com.android.dx.cf.cst.ConstantPoolParser::parse0 (731 bytes)


---------------  P R O C E S S  ---------------

Java Threads: ( => current thread )
  0x000000001e23c000 JavaThread "pool-1-thread-1" [_thread_in_vm, id=5552, stack(0x000000001e770000,0x000000001e870000)]
  0x000000001e19d000 JavaThread "Service Thread" daemon [_thread_blocked, id=13724, stack(0x000000001e570000,0x000000001e670000)]
  0x000000001c801800 JavaThread "C1 CompilerThread2" daemon [_thread_in_native, id=14484, stack(0x000000001e070000,0x000000001e170000)]
  0x000000001c7fd000 JavaThread "C2 CompilerThread1" daemon [_thread_in_native, id=1152, stack(0x000000001df70000,0x000000001e070000)]
=>0x000000001c7f8000 JavaThread "C2 CompilerThread0" daemon [_thread_in_native, id=5076, stack(0x000000001de70000,0x000000001df70000)]
  0x000000001c806000 JavaThread "Attach Listener" daemon [_thread_blocked, id=11904, stack(0x000000001dd70000,0x000000001de70000)]
  0x000000001c804800 JavaThread "Signal Dispatcher" daemon [_thread_blocked, id=6296, stack(0x000000001dc70000,0x000000001dd70000)]
  0x000000000312b000 JavaThread "Finalizer" daemon [_thread_blocked, id=12448, stack(0x000000001da70000,0x000000001db70000)]
  0x000000001c7e9000 JavaThread "Reference Handler" daemon [_thread_blocked, id=11084, stack(0x000000001d970000,0x000000001da70000)]
  0x000000000302d800 JavaThread "main" [_thread_blocked, id=7548, stack(0x0000000002ee0000,0x0000000002fe0000)]

Other Threads:
  0x000000001c7c7800 VMThread [stack: 0x000000001d870000,0x000000001d970000] [id=10972]
  0x000000001e19e800 WatcherThread [stack: 0x000000001e670000,0x000000001e770000] [id=11492]

VM state:not at safepoint (normal execution)

VM Mutex/Monitor currently owned by a thread:  ([mutex/lock_event])
[0x000000000302ca70] AdapterHandlerLibrary_lock - owner thread: 0x000000001e23c000

heap address: 0x00000006c0000000, size: 4096 MB, Compressed Oops mode: Zero based, Oop shift amount: 3
Narrow klass base: 0x0000000000000000, Narrow klass shift: 3
Compressed class space size: 1073741824 Address: 0x00000007c0000000

Heap:
 PSYoungGen      total 136192K, used 55724K [0x000000076ab00000, 0x0000000773500000, 0x00000007c0000000)
  eden space 131072K, 38% used [0x000000076ab00000,0x000000076dc704a8,0x0000000772b00000)
  from space 5120K, 99% used [0x0000000773000000,0x00000007734fad80,0x0000000773500000)
  to   space 5120K, 0% used [0x0000000772b00000,0x0000000772b00000,0x0000000773000000)
 ParOldGen       total 86016K, used 28150K [0x00000006c0000000, 0x00000006c5400000, 0x000000076ab00000)
  object space 86016K, 32% used [0x00000006c0000000,0x00000006c1b7d928,0x00000006c5400000)
 Metaspace       used 6383K, capacity 7408K, committed 7552K, reserved 1056768K
  class space    used 578K, capacity 616K, committed 640K, reserved 1048576K

Card table byte_map: [0x00000000124f0000,0x0000000012d00000] byte_map_base: 0x000000000eef0000

Marking Bits: (ParMarkBitMap*) 0x000000005f739f30
 Begin Bits: [0x0000000013660000, 0x0000000017660000)
 End Bits:   [0x0000000017660000, 0x000000001b660000)

Polling page: 0x0000000001640000

CodeCache: size=245760Kb used=7817Kb max_used=7817Kb free=237942Kb
 bounds [0x0000000003130000, 0x00000000038e0000, 0x0000000012130000]
 total_blobs=2314 nmethods=2052 adapters=175
 compilation: enabled

Compilation events (10 events):
Event: 2.111 Thread 0x000000001c801800 nmethod 2099 0x00000000038d1390 code [0x00000000038d14e0, 0x00000000038d15f0]
Event: 2.111 Thread 0x000000001c801800 2108       2       com.android.dx.dex.code.LocalList$MakeState::add (75 bytes)
Event: 2.111 Thread 0x000000001c801800 nmethod 2108 0x00000000038d1650 code [0x00000000038d1820, 0x00000000038d1d98]
Event: 2.111 Thread 0x000000001c801800 2111       2       com.android.dx.rop.code.RegisterSpecSet::findMatchingLocal (49 bytes)
Event: 2.112 Thread 0x000000001c801800 nmethod 2111 0x00000000038d23d0 code [0x00000000038d2540, 0x00000000038d27c8]
Event: 2.112 Thread 0x000000001c801800 2109   !   2       com.android.dx.dex.code.LocalList$Entry::<init> (91 bytes)
Event: 2.112 Thread 0x000000001c801800 nmethod 2109 0x00000000038d2990 code [0x00000000038d2b60, 0x00000000038d3038]
Event: 2.112 Thread 0x000000001c801800 2110       2       com.android.dx.dex.code.LocalList::set (7 bytes)
Event: 2.112 Thread 0x000000001c801800 nmethod 2110 0x00000000038d3390 code [0x00000000038d3540, 0x00000000038d39a8]
Event: 2.112 Thread 0x000000001c801800 2112       2       com.android.dx.dex.code.LocalList$MakeState::startLocal (266 bytes)

GC Heap History (8 events):
Event: 0.741 GC heap before
{Heap before GC invocations=1 (full 0):
 PSYoungGen      total 37888K, used 32768K [0x000000076ab00000, 0x000000076d500000, 0x00000007c0000000)
  eden space 32768K, 100% used [0x000000076ab00000,0x000000076cb00000,0x000000076cb00000)
  from space 5120K, 0% used [0x000000076d000000,0x000000076d000000,0x000000076d500000)
  to   space 5120K, 0% used [0x000000076cb00000,0x000000076cb00000,0x000000076d000000)
 ParOldGen       total 86016K, used 0K [0x00000006c0000000, 0x00000006c5400000, 0x000000076ab00000)
  object space 86016K, 0% used [0x00000006c0000000,0x00000006c0000000,0x00000006c5400000)
 Metaspace       used 5731K, capacity 6960K, committed 7040K, reserved 1056768K
  class space    used 552K, capacity 616K, committed 640K, reserved 1048576K
Event: 0.757 GC heap after
Heap after GC invocations=1 (full 0):
 PSYoungGen      total 37888K, used 5089K [0x000000076ab00000, 0x000000076f500000, 0x00000007c0000000)
  eden space 32768K, 0% used [0x000000076ab00000,0x000000076ab00000,0x000000076cb00000)
  from space 5120K, 99% used [0x000000076cb00000,0x000000076cff8690,0x000000076d000000)
  to   space 5120K, 0% used [0x000000076f000000,0x000000076f000000,0x000000076f500000)
 ParOldGen       total 86016K, used 2664K [0x00000006c0000000, 0x00000006c5400000, 0x000000076ab00000)
  object space 86016K, 3% used [0x00000006c0000000,0x00000006c029a328,0x00000006c5400000)
 Metaspace       used 5731K, capacity 6960K, committed 7040K, reserved 1056768K
  class space    used 552K, capacity 616K, committed 640K, reserved 1048576K
}
Event: 1.023 GC heap before
{Heap before GC invocations=2 (full 0):
 PSYoungGen      total 37888K, used 37857K [0x000000076ab00000, 0x000000076f500000, 0x00000007c0000000)
  eden space 32768K, 100% used [0x000000076ab00000,0x000000076cb00000,0x000000076cb00000)
  from space 5120K, 99% used [0x000000076cb00000,0x000000076cff8690,0x000000076d000000)
  to   space 5120K, 0% used [0x000000076f000000,0x000000076f000000,0x000000076f500000)
 ParOldGen       total 86016K, used 2664K [0x00000006c0000000, 0x00000006c5400000, 0x000000076ab00000)
  object space 86016K, 3% used [0x00000006c0000000,0x00000006c029a328,0x00000006c5400000)
 Metaspace       used 5945K, capacity 7088K, committed 7296K, reserved 1056768K
  class space    used 559K, capacity 616K, committed 640K, reserved 1048576K
Event: 1.046 GC heap after
Heap after GC invocations=2 (full 0):
 PSYoungGen      total 70656K, used 5108K [0x000000076ab00000, 0x000000076f500000, 0x00000007c0000000)
  eden space 65536K, 0% used [0x000000076ab00000,0x000000076ab00000,0x000000076eb00000)
  from space 5120K, 99% used [0x000000076f000000,0x000000076f4fd358,0x000000076f500000)
  to   space 5120K, 0% used [0x000000076eb00000,0x000000076eb00000,0x000000076f000000)
 ParOldGen       total 86016K, used 9073K [0x00000006c0000000, 0x00000006c5400000, 0x000000076ab00000)
  object space 86016K, 10% used [0x00000006c0000000,0x00000006c08dc640,0x00000006c5400000)
 Metaspace       used 5945K, capacity 7088K, committed 7296K, reserved 1056768K
  class space    used 559K, capacity 616K, committed 640K, reserved 1048576K
}
Event: 1.370 GC heap before
{Heap before GC invocations=3 (full 0):
 PSYoungGen      total 70656K, used 70644K [0x000000076ab00000, 0x000000076f500000, 0x00000007c0000000)
  eden space 65536K, 100% used [0x000000076ab00000,0x000000076eb00000,0x000000076eb00000)
  from space 5120K, 99% used [0x000000076f000000,0x000000076f4fd358,0x000000076f500000)
  to   space 5120K, 0% used [0x000000076eb00000,0x000000076eb00000,0x000000076f000000)
 ParOldGen       total 86016K, used 9073K [0x00000006c0000000, 0x00000006c5400000, 0x000000076ab00000)
  object space 86016K, 10% used [0x00000006c0000000,0x00000006c08dc640,0x00000006c5400000)
 Metaspace       used 6051K, capacity 7152K, committed 7296K, reserved 1056768K
  class space    used 560K, capacity 616K, committed 640K, reserved 1048576K
Event: 1.406 GC heap after
Heap after GC invocations=3 (full 0):
 PSYoungGen      total 70656K, used 5105K [0x000000076ab00000, 0x0000000773500000, 0x00000007c0000000)
  eden space 65536K, 0% used [0x000000076ab00000,0x000000076ab00000,0x000000076eb00000)
  from space 5120K, 99% used [0x000000076eb00000,0x000000076effc6b0,0x000000076f000000)
  to   space 5120K, 0% used [0x0000000773000000,0x0000000773000000,0x0000000773500000)
 ParOldGen       total 86016K, used 18371K [0x00000006c0000000, 0x00000006c5400000, 0x000000076ab00000)
  object space 86016K, 21% used [0x00000006c0000000,0x00000006c11f0f30,0x00000006c5400000)
 Metaspace       used 6051K, capacity 7152K, committed 7296K, reserved 1056768K
  class space    used 560K, capacity 616K, committed 640K, reserved 1048576K
}
Event: 1.666 GC heap before
{Heap before GC invocations=4 (full 0):
 PSYoungGen      total 70656K, used 70641K [0x000000076ab00000, 0x0000000773500000, 0x00000007c0000000)
  eden space 65536K, 100% used [0x000000076ab00000,0x000000076eb00000,0x000000076eb00000)
  from space 5120K, 99% used [0x000000076eb00000,0x000000076effc6b0,0x000000076f000000)
  to   space 5120K, 0% used [0x0000000773000000,0x0000000773000000,0x0000000773500000)
 ParOldGen       total 86016K, used 18371K [0x00000006c0000000, 0x00000006c5400000, 0x000000076ab00000)
  object space 86016K, 21% used [0x00000006c0000000,0x00000006c11f0f30,0x00000006c5400000)
 Metaspace       used 6103K, capacity 7216K, committed 7296K, reserved 1056768K
  class space    used 560K, capacity 616K, committed 640K, reserved 1048576K
Event: 1.715 GC heap after
Heap after GC invocations=4 (full 0):
 PSYoungGen      total 136192K, used 5099K [0x000000076ab00000, 0x0000000773500000, 0x00000007c0000000)
  eden space 131072K, 0% used [0x000000076ab00000,0x000000076ab00000,0x0000000772b00000)
  from space 5120K, 99% used [0x0000000773000000,0x00000007734fad80,0x0000000773500000)
  to   space 5120K, 0% used [0x0000000772b00000,0x0000000772b00000,0x0000000773000000)
 ParOldGen       total 86016K, used 28150K [0x00000006c0000000, 0x00000006c5400000, 0x000000076ab00000)
  object space 86016K, 32% used [0x00000006c0000000,0x00000006c1b7d928,0x00000006c5400000)
 Metaspace       used 6103K, capacity 7216K, committed 7296K, reserved 1056768K
  class space    used 560K, capacity 616K, committed 640K, reserved 1048576K
}

Deoptimization events (10 events):
Event: 1.547 Thread 0x000000001e2fc800 Uncommon trap: reason=bimorphic action=maybe_recompile pc=0x00000000036bef64 method=java.util.HashMap.getNode(ILjava/lang/Object;)Ljava/util/HashMap$Node; @ 126
Event: 1.547 Thread 0x000000001e2fc800 Uncommon trap: reason=class_check action=maybe_recompile pc=0x0000000003422bc0 method=java.util.HashMap.putVal(ILjava/lang/Object;Ljava/lang/Object;ZZ)Ljava/lang/Object; @ 203
Event: 1.743 Thread 0x000000001e242000 Uncommon trap: reason=unstable_if action=reinterpret pc=0x00000000037f8244 method=com.android.dx.ssa.SCCP.simulateBranch(Lcom/android/dx/ssa/SsaInsn;)V @ 64
Event: 1.939 Thread 0x000000001e23c000 Uncommon trap: reason=class_check action=maybe_recompile pc=0x000000000370e2ac method=java.util.Arrays.hashCode([Ljava/lang/Object;)I @ 43
Event: 1.939 Thread 0x000000001e23c000 Uncommon trap: reason=class_check action=maybe_recompile pc=0x000000000370e2ac method=java.util.Arrays.hashCode([Ljava/lang/Object;)I @ 43
Event: 1.939 Thread 0x000000001e23c000 Uncommon trap: reason=class_check action=maybe_recompile pc=0x000000000370e2ac method=java.util.Arrays.hashCode([Ljava/lang/Object;)I @ 43
Event: 1.939 Thread 0x000000001e23c000 Uncommon trap: reason=class_check action=maybe_recompile pc=0x000000000370e2ac method=java.util.Arrays.hashCode([Ljava/lang/Object;)I @ 43
Event: 1.940 Thread 0x000000001e23c000 Uncommon trap: reason=class_check action=maybe_recompile pc=0x00000000037043d0 method=java.util.Arrays.hashCode([Ljava/lang/Object;)I @ 43
Event: 1.944 Thread 0x000000001e23c000 Uncommon trap: reason=bimorphic action=maybe_recompile pc=0x0000000003697a3c method=java.util.HashMap.getNode(ILjava/lang/Object;)Ljava/util/HashMap$Node; @ 126
Event: 1.967 Thread 0x000000001e23c000 Uncommon trap: reason=class_check action=maybe_recompile pc=0x0000000003422bc0 method=java.util.HashMap.putVal(ILjava/lang/Object;Ljava/lang/Object;ZZ)Ljava/lang/Object; @ 203

Classes redefined (0 events):
No events

Internal exceptions (3 events):
Event: 0.031 Thread 0x000000000302d800 Exception <a 'java/lang/NoSuchMethodError': Method sun.misc.Unsafe.defineClass(Ljava/lang/String;[BII)Ljava/lang/Class; name or signature does not match> (0x000000076ab07cb0) thrown at [D:\src\AOSP-openjdk-cygwin\jdk8u\hotspot\src\share\vm\prims\jni.cpp, 
Event: 0.031 Thread 0x000000000302d800 Exception <a 'java/lang/NoSuchMethodError': Method sun.misc.Unsafe.prefetchRead(Ljava/lang/Object;J)V name or signature does not match> (0x000000076ab07f98) thrown at [D:\src\AOSP-openjdk-cygwin\jdk8u\hotspot\src\share\vm\prims\jni.cpp, line 4012]
Event: 0.584 Thread 0x000000001e2fc800 Implicit null exception at 0x00000000034932a2 to 0x00000000034933b1

Events (10 events):
Event: 2.080 loading class com/android/dx/dex/code/LocalList$Disposition
Event: 2.080 loading class com/android/dx/dex/code/LocalList$Disposition done
Event: 2.080 loading class com/android/dx/dex/code/LocalList$Entry
Event: 2.080 loading class com/android/dx/dex/code/LocalList$Entry done
Event: 2.081 loading class com/android/dx/dex/code/CatchHandlerList
Event: 2.081 loading class com/android/dx/dex/code/CatchHandlerList done
Event: 2.081 loading class com/android/dx/dex/code/CatchTable
Event: 2.081 loading class com/android/dx/dex/code/CatchTable done
Event: 2.099 loading class com/android/dx/rop/code/RegisterSpecList$Expander
Event: 2.099 loading class com/android/dx/rop/code/RegisterSpecList$Expander done


Dynamic libraries:
0x00007ff73f090000 - 0x00007ff73f0c1000 	C:\Program Files\Android\Android Studio\jre\bin\java.exe
0x00007ffb1fb80000 - 0x00007ffb1fd70000 	C:\Windows\SYSTEM32\ntdll.dll
0x00007ffb1f510000 - 0x00007ffb1f5c2000 	C:\Windows\System32\KERNEL32.DLL
0x00007ffb1cbe0000 - 0x00007ffb1ce83000 	C:\Windows\System32\KERNELBASE.dll
0x00007ffb1ebc0000 - 0x00007ffb1ec63000 	C:\Windows\System32\ADVAPI32.dll
0x00007ffb1e480000 - 0x00007ffb1e51e000 	C:\Windows\System32\msvcrt.dll
0x00007ffb1e910000 - 0x00007ffb1e9a7000 	C:\Windows\System32\sechost.dll
0x00007ffb1ddd0000 - 0x00007ffb1def0000 	C:\Windows\System32\RPCRT4.dll
0x00007ffb1dc30000 - 0x00007ffb1ddc4000 	C:\Windows\System32\USER32.dll
0x00007ffb1db80000 - 0x00007ffb1dba1000 	C:\Windows\System32\win32u.dll
0x00007ffb1fb10000 - 0x00007ffb1fb36000 	C:\Windows\System32\GDI32.dll
0x00007ffb1ce90000 - 0x00007ffb1d024000 	C:\Windows\System32\cfgmgr32.dll
0x00007ffb1d2e0000 - 0x00007ffb1d37e000 	C:\Windows\System32\msvcp_win.dll
0x00007ffb1d090000 - 0x00007ffb1d18a000 	C:\Windows\System32\ucrtbase.dll
0x00007ffb0be70000 - 0x00007ffb0c0f5000 	C:\Windows\WinSxS\amd64_microsoft.windows.common-controls_6595b64144ccf1df_6.0.18362.720_none_e6beb5c51314836b\COMCTL32.dll
0x00007ffb1e5d0000 - 0x00007ffb1e906000 	C:\Windows\System32\combase.dll
0x00007ffb1dbb0000 - 0x00007ffb1dc30000 	C:\Windows\System32\bcryptPrimitives.dll
0x00007ffb1e5a0000 - 0x00007ffb1e5ce000 	C:\Windows\System32\IMM32.DLL
0x000000005edb0000 - 0x000000005ee82000 	C:\Program Files\Android\Android Studio\jre\jre\bin\msvcr100.dll
0x000000005ef70000 - 0x000000005f7b6000 	C:\Program Files\Android\Android Studio\jre\jre\bin\server\jvm.dll
0x00007ffb1def0000 - 0x00007ffb1def8000 	C:\Windows\System32\KERNEL32.DLL
0x00007ffb1ab70000 - 0x00007ffb1ab94000 	C:\Windows\System32\sechost.dll
0x00007ffb18080000 - 0x00007ffb1808a000 	C:\Windows\System32\win32u.dll
0x00007ffb19370000 - 0x00007ffb19379000 	C:\Windows\SYSTEM32\WSOCK32.dll
0x00007ffb1ab40000 - 0x00007ffb1ab6d000 	C:\Windows\System32\msvcp_win.dll
0x00007ffb1ec70000 - 0x00007ffb1ecdf000 	C:\Windows\WinSxS\amd64_microsoft.windows.common-controls_6595b64144ccf1df_6.0.18362.720_none_e6beb5c51314836b\COMCTL32.dll
0x00007ffb1d380000 - 0x00007ffb1d3ca000 	C:\Windows\System32\bcryptPrimitives.dll
0x00007ffb19360000 - 0x00007ffb1936f000 	C:\Program Files\Android\Android Studio\jre\jre\bin\verify.dll
0x00007ffb12350000 - 0x00007ffb12379000 	C:\Program Files\Android\Android Studio\jre\jre\bin\server\jvm.dll
0x00007ffb11840000 - 0x00007ffb11856000 	C:\Program Files\Android\Android Studio\jre\jre\bin\zip.dll
0x00007ffb1ee20000 - 0x00007ffb1f505000 	C:\Windows\SYSTEM32\VERSION.dll
0x00007ffb1f5f0000 - 0x00007ffb1f699000 	C:\Windows\SYSTEM32\winmmbase.dll
0x00007ffb1d3d0000 - 0x00007ffb1db50000 	C:\Windows\System32\cfgmgr32.dll
0x00007ffb1cac0000 - 0x00007ffb1cae3000 	C:\Program Files\Android\Android Studio\jre\jre\bin\verify.dll
0x00007ffb1ca50000 - 0x00007ffb1ca9a000 	C:\Windows\System32\powrprof.dll
0x00007ffb1ca40000 - 0x00007ffb1ca50000 	C:\Windows\System32\UMPDC.dll
0x00007ffb1e2e0000 - 0x00007ffb1e332000 	C:\Windows\System32\msvcrt.dll
0x00007ffb1caa0000 - 0x00007ffb1cab1000 	C:\Windows\System32\GDI32.dll
0x00007ffb1cbc0000 - 0x00007ffb1cbd7000 	C:\Windows\System32\ucrtbase.dll

VM Arguments:
jvm_args: -Djava.awt.headless=true -Xmx4g -Dfile.encoding=windows-1252 -Duser.country=US -Duser.language=en -Duser.variant 
java_command: com.android.dx.command.Main --dex --num-threads=4 --multi-dex --output C:\Users\boora\Downloads\finalandroid\jinsongo-mla-android-7b143deb8a78\app\build\intermediates\transforms\dex\debug\folders\1000\1\debug_ec762b8d369475cabc720128c4c14f112c727c15 C:\Users\boora\Downloads\finalandroid\jinsongo-mla-android-7b143deb8a78\app\build\intermediates\classes\debug
java_class_path (initial): C:\Users\boora\AppData\Local\Android\Sdk\build-tools\25.0.0\lib\dx.jar
Launcher Type: SUN_STANDARD

Environment Variables:
PATH=C:\Windows\system32;C:\Windows;C:\Windows\System32\Wbem;C:\Windows\System32\WindowsPowerShell\v1.0\;C:\Windows\System32\OpenSSH\;C:\Program Files (x86)\Microsoft SQL Server\150\DTS\Binn\;C:\Program Files\dotnet\;C:\Program Files\Microsoft SQL Server\130\Tools\Binn\;C:\Program Files\Microsoft SQL Server\Client SDK\ODBC\170\Tools\Binn\;C:\Users\boora\AppData\Local\Microsoft\WindowsApps;
USERNAME=boora
OS=Windows_NT
PROCESSOR_IDENTIFIER=Intel64 Family 6 Model 142 Stepping 9, GenuineIntel



---------------  S Y S T E M  ---------------

OS: Windows 10.0 , 64 bit Build 18362 (10.0.18362.329)

CPU:total 4 (initial active 4) (2 cores per cpu, 2 threads per core) family 6 model 142 stepping 9, cmov, cx8, fxsr, mmx, sse, sse2, sse3, ssse3, sse4.1, sse4.2, popcnt, avx, avx2, aes, clmul, erms, 3dnowpref, lzcnt, ht, tsc, tscinvbit, bmi1, bmi2, adx

Memory: 4k page, physical 8246480k(1204976k free), swap 11120460k(6296k free)

vm_info: OpenJDK 64-Bit Server VM (25.202-b03) for windows-amd64 JRE (1.8.0_202-release-1483-b03), built by "builder" with MS VC++ 10.0 (VS2010)

time: Mon Apr 13 01:39:21 2020
timezone: Pacific Daylight Time
elapsed time: 2 seconds (0d 0h 0m 2s)

