#
# There is insufficient memory for the Java Runtime Environment to continue.
# Native memory allocation (malloc) failed to allocate 115536 bytes for Chunk::new
# Possible reasons:
#   The system is out of physical RAM or swap space
#   The process is running with CompressedOops enabled, and the Java Heap may be blocking the growth of the native heap
# Possible solutions:
#   Reduce memory load on the system
#   Increase physical memory or swap space
#   Check if swap backing store is full
#   Decrease Java heap size (-Xmx/-Xms)
#   Decrease number of Java threads
#   Decrease Java thread stack sizes (-Xss)
#   Set larger code cache with -XX:ReservedCodeCacheSize=
#   JVM is running with Unscaled Compressed Oops mode in which the Java heap is
#     placed in the first 4GB address space. The Java Heap base address is the
#     maximum limit for the native heap growth. Please use -XX:HeapBaseMinAddress
#     to set the Java Heap base and to place the Java Heap above 4GB virtual address.
# This output file may be truncated or incomplete.
#
#  Out of Memory Error (allocation.cpp:389), pid=15968, tid=0x0000000000003bdc
#
# JRE version: OpenJDK Runtime Environment (8.0_202-b03) (build 1.8.0_202-release-1483-b03)
# Java VM: OpenJDK 64-Bit Server VM (25.202-b03 mixed mode windows-amd64 compressed oops)
# Failed to write core dump. Minidumps are not enabled by default on client versions of Windows
#

---------------  T H R E A D  ---------------

Current thread (0x00000000152b9000):  JavaThread "C2 CompilerThread0" daemon [_thread_in_native, id=15324, stack(0x0000000016920000,0x0000000016a20000)]

Stack: [0x0000000016920000,0x0000000016a20000]
[error occurred during error reporting (printing stack bounds), id 0xc0000005]

Native frames: (J=compiled Java code, j=interpreted, Vv=VM code, C=native code)


Current CompileTask:
C2:   3586 2181       4       com.android.dx.dex.code.LocalList$MakeState::snapshot (110 bytes)


---------------  P R O C E S S  ---------------

Java Threads: ( => current thread )
  0x000000001531d800 JavaThread "Service Thread" daemon [_thread_blocked, id=15148, stack(0x0000000017020000,0x0000000017120000)]
  0x00000000152e4000 JavaThread "C1 CompilerThread2" daemon [_thread_blocked, id=14372, stack(0x0000000016b20000,0x0000000016c20000)]
  0x00000000152c2000 JavaThread "C2 CompilerThread1" daemon [_thread_in_native, id=2024, stack(0x0000000016a20000,0x0000000016b20000)]
=>0x00000000152b9000 JavaThread "C2 CompilerThread0" daemon [_thread_in_native, id=15324, stack(0x0000000016920000,0x0000000016a20000)]
  0x00000000152b8000 JavaThread "Attach Listener" daemon [_thread_blocked, id=7024, stack(0x0000000016820000,0x0000000016920000)]
  0x00000000152c5800 JavaThread "Signal Dispatcher" daemon [_thread_blocked, id=14508, stack(0x0000000016720000,0x0000000016820000)]
  0x0000000002beb000 JavaThread "Finalizer" daemon [_thread_blocked, id=9764, stack(0x0000000016520000,0x0000000016620000)]
  0x00000000152a9000 JavaThread "Reference Handler" daemon [_thread_blocked, id=10852, stack(0x0000000016420000,0x0000000016520000)]
  0x000000000294d800 JavaThread "main" [_thread_in_Java, id=8068, stack(0x00000000029f0000,0x0000000002af0000)]

Other Threads:
  0x0000000015286800 VMThread [stack: 0x0000000016320000,0x0000000016420000] [id=15720]
  0x0000000016c41000 WatcherThread [stack: 0x0000000017120000,0x0000000017220000] [id=2508]

VM state:not at safepoint (normal execution)

VM Mutex/Monitor currently owned by a thread: None

heap address: 0x00000000c0000000, size: 1024 MB, Compressed Oops mode: 32-bit
Narrow klass base: 0x0000000000000000, Narrow klass shift: 3
Compressed class space size: 1073741824 Address: 0x0000000100000000

Heap:
 PSYoungGen      total 136192K, used 45637K [0x00000000eab00000, 0x00000000f3500000, 0x0000000100000000)
  eden space 131072K, 30% used [0x00000000eab00000,0x00000000ed2944f8,0x00000000f2b00000)
  from space 5120K, 99% used [0x00000000f3000000,0x00000000f34fd1c8,0x00000000f3500000)
  to   space 5120K, 0% used [0x00000000f2b00000,0x00000000f2b00000,0x00000000f3000000)
 ParOldGen       total 86016K, used 28515K [0x00000000c0000000, 0x00000000c5400000, 0x00000000eab00000)
  object space 86016K, 33% used [0x00000000c0000000,0x00000000c1bd8dc8,0x00000000c5400000)
 Metaspace       used 6429K, capacity 7408K, committed 7552K, reserved 1056768K
  class space    used 578K, capacity 616K, committed 640K, reserved 1048576K

Card table byte_map: [0x0000000011fb0000,0x00000000121c0000] byte_map_base: 0x00000000119b0000

Marking Bits: (ParMarkBitMap*) 0x0000000051249f30
 Begin Bits: [0x0000000012720000, 0x0000000013720000)
 End Bits:   [0x0000000013720000, 0x0000000014720000)

Polling page: 0x0000000000c80000

CodeCache: size=245760Kb used=8674Kb max_used=8685Kb free=237085Kb
 bounds [0x0000000002bf0000, 0x0000000003480000, 0x0000000011bf0000]
 total_blobs=2455 nmethods=2193 adapters=175
 compilation: enabled

Compilation events (10 events):
Event: 3.569 Thread 0x00000000152c2000 nmethod 2030 0x0000000003472a10 code [0x0000000003472ba0, 0x0000000003473438]
Event: 3.569 Thread 0x00000000152c2000 2218       4       java.util.ArrayList::<init> (61 bytes)
Event: 3.571 Thread 0x00000000152c2000 nmethod 2218 0x0000000003471190 code [0x00000000034712e0, 0x0000000003471438]
Event: 3.571 Thread 0x00000000152c2000 1670   !   4       java.util.BitSet::clone (49 bytes)
Event: 3.574 Thread 0x00000000152e4000 2219       3       com.android.dx.util.ByteArrayAnnotatedOutput::writeUleb128 (34 bytes)
Event: 3.574 Thread 0x00000000152e4000 nmethod 2219 0x0000000003450690 code [0x0000000003450800, 0x0000000003450a38]
Event: 3.577 Thread 0x00000000152c2000 nmethod 1670 0x000000000344fed0 code [0x0000000003450040, 0x0000000003450438]
Event: 3.577 Thread 0x00000000152c2000 1453       4       com.android.dx.ssa.SCCP::addBlockToWorklist (47 bytes)
Event: 3.578 Thread 0x00000000152e4000 2221       1       com.android.dx.dex.code.form.Form20t::codeSize (2 bytes)
Event: 3.579 Thread 0x00000000152e4000 nmethod 2221 0x0000000003472750 code [0x00000000034728a0, 0x00000000034729b0]

GC Heap History (8 events):
Event: 1.132 GC heap before
{Heap before GC invocations=1 (full 0):
 PSYoungGen      total 37888K, used 32768K [0x00000000eab00000, 0x00000000ed500000, 0x0000000100000000)
  eden space 32768K, 100% used [0x00000000eab00000,0x00000000ecb00000,0x00000000ecb00000)
  from space 5120K, 0% used [0x00000000ed000000,0x00000000ed000000,0x00000000ed500000)
  to   space 5120K, 0% used [0x00000000ecb00000,0x00000000ecb00000,0x00000000ed000000)
 ParOldGen       total 86016K, used 0K [0x00000000c0000000, 0x00000000c5400000, 0x00000000eab00000)
  object space 86016K, 0% used [0x00000000c0000000,0x00000000c0000000,0x00000000c5400000)
 Metaspace       used 5740K, capacity 6960K, committed 7040K, reserved 1056768K
  class space    used 553K, capacity 616K, committed 640K, reserved 1048576K
Event: 1.179 GC heap after
Heap after GC invocations=1 (full 0):
 PSYoungGen      total 37888K, used 5116K [0x00000000eab00000, 0x00000000ef500000, 0x0000000100000000)
  eden space 32768K, 0% used [0x00000000eab00000,0x00000000eab00000,0x00000000ecb00000)
  from space 5120K, 99% used [0x00000000ecb00000,0x00000000ecfff098,0x00000000ed000000)
  to   space 5120K, 0% used [0x00000000ef000000,0x00000000ef000000,0x00000000ef500000)
 ParOldGen       total 86016K, used 2381K [0x00000000c0000000, 0x00000000c5400000, 0x00000000eab00000)
  object space 86016K, 2% used [0x00000000c0000000,0x00000000c0253720,0x00000000c5400000)
 Metaspace       used 5740K, capacity 6960K, committed 7040K, reserved 1056768K
  class space    used 553K, capacity 616K, committed 640K, reserved 1048576K
}
Event: 1.666 GC heap before
{Heap before GC invocations=2 (full 0):
 PSYoungGen      total 37888K, used 37884K [0x00000000eab00000, 0x00000000ef500000, 0x0000000100000000)
  eden space 32768K, 100% used [0x00000000eab00000,0x00000000ecb00000,0x00000000ecb00000)
  from space 5120K, 99% used [0x00000000ecb00000,0x00000000ecfff098,0x00000000ed000000)
  to   space 5120K, 0% used [0x00000000ef000000,0x00000000ef000000,0x00000000ef500000)
 ParOldGen       total 86016K, used 2381K [0x00000000c0000000, 0x00000000c5400000, 0x00000000eab00000)
  object space 86016K, 2% used [0x00000000c0000000,0x00000000c0253720,0x00000000c5400000)
 Metaspace       used 5990K, capacity 7088K, committed 7296K, reserved 1056768K
  class space    used 559K, capacity 616K, committed 640K, reserved 1048576K
Event: 1.696 GC heap after
Heap after GC invocations=2 (full 0):
 PSYoungGen      total 70656K, used 5091K [0x00000000eab00000, 0x00000000ef500000, 0x0000000100000000)
  eden space 65536K, 0% used [0x00000000eab00000,0x00000000eab00000,0x00000000eeb00000)
  from space 5120K, 99% used [0x00000000ef000000,0x00000000ef4f8d00,0x00000000ef500000)
  to   space 5120K, 0% used [0x00000000eeb00000,0x00000000eeb00000,0x00000000ef000000)
 ParOldGen       total 86016K, used 8919K [0x00000000c0000000, 0x00000000c5400000, 0x00000000eab00000)
  object space 86016K, 10% used [0x00000000c0000000,0x00000000c08b5ca8,0x00000000c5400000)
 Metaspace       used 5990K, capacity 7088K, committed 7296K, reserved 1056768K
  class space    used 559K, capacity 616K, committed 640K, reserved 1048576K
}
Event: 2.240 GC heap before
{Heap before GC invocations=3 (full 0):
 PSYoungGen      total 70656K, used 70627K [0x00000000eab00000, 0x00000000ef500000, 0x0000000100000000)
  eden space 65536K, 100% used [0x00000000eab00000,0x00000000eeb00000,0x00000000eeb00000)
  from space 5120K, 99% used [0x00000000ef000000,0x00000000ef4f8d00,0x00000000ef500000)
  to   space 5120K, 0% used [0x00000000eeb00000,0x00000000eeb00000,0x00000000ef000000)
 ParOldGen       total 86016K, used 8919K [0x00000000c0000000, 0x00000000c5400000, 0x00000000eab00000)
  object space 86016K, 10% used [0x00000000c0000000,0x00000000c08b5ca8,0x00000000c5400000)
 Metaspace       used 6036K, capacity 7152K, committed 7296K, reserved 1056768K
  class space    used 560K, capacity 616K, committed 640K, reserved 1048576K
Event: 2.270 GC heap after
Heap after GC invocations=3 (full 0):
 PSYoungGen      total 70656K, used 5115K [0x00000000eab00000, 0x00000000f3500000, 0x0000000100000000)
  eden space 65536K, 0% used [0x00000000eab00000,0x00000000eab00000,0x00000000eeb00000)
  from space 5120K, 99% used [0x00000000eeb00000,0x00000000eeffed08,0x00000000ef000000)
  to   space 5120K, 0% used [0x00000000f3000000,0x00000000f3000000,0x00000000f3500000)
 ParOldGen       total 86016K, used 18569K [0x00000000c0000000, 0x00000000c5400000, 0x00000000eab00000)
  object space 86016K, 21% used [0x00000000c0000000,0x00000000c12224a0,0x00000000c5400000)
 Metaspace       used 6036K, capacity 7152K, committed 7296K, reserved 1056768K
  class space    used 560K, capacity 616K, committed 640K, reserved 1048576K
}
Event: 2.831 GC heap before
{Heap before GC invocations=4 (full 0):
 PSYoungGen      total 70656K, used 70651K [0x00000000eab00000, 0x00000000f3500000, 0x0000000100000000)
  eden space 65536K, 100% used [0x00000000eab00000,0x00000000eeb00000,0x00000000eeb00000)
  from space 5120K, 99% used [0x00000000eeb00000,0x00000000eeffed08,0x00000000ef000000)
  to   space 5120K, 0% used [0x00000000f3000000,0x00000000f3000000,0x00000000f3500000)
 ParOldGen       total 86016K, used 18569K [0x00000000c0000000, 0x00000000c5400000, 0x00000000eab00000)
  object space 86016K, 21% used [0x00000000c0000000,0x00000000c12224a0,0x00000000c5400000)
 Metaspace       used 6095K, capacity 7152K, committed 7296K, reserved 1056768K
  class space    used 560K, capacity 616K, committed 640K, reserved 1048576K
Event: 2.897 GC heap after
Heap after GC invocations=4 (full 0):
 PSYoungGen      total 136192K, used 5108K [0x00000000eab00000, 0x00000000f3500000, 0x0000000100000000)
  eden space 131072K, 0% used [0x00000000eab00000,0x00000000eab00000,0x00000000f2b00000)
  from space 5120K, 99% used [0x00000000f3000000,0x00000000f34fd1c8,0x00000000f3500000)
  to   space 5120K, 0% used [0x00000000f2b00000,0x00000000f2b00000,0x00000000f3000000)
 ParOldGen       total 86016K, used 28515K [0x00000000c0000000, 0x00000000c5400000, 0x00000000eab00000)
  object space 86016K, 33% used [0x00000000c0000000,0x00000000c1bd8dc8,0x00000000c5400000)
 Metaspace       used 6095K, capacity 7152K, committed 7296K, reserved 1056768K
  class space    used 560K, capacity 616K, committed 640K, reserved 1048576K
}

Deoptimization events (10 events):
Event: 2.394 Thread 0x0000000016d85800 Uncommon trap: reason=bimorphic action=maybe_recompile pc=0x00000000031af978 method=java.util.HashMap.getNode(ILjava/lang/Object;)Ljava/util/HashMap$Node; @ 126
Event: 2.420 Thread 0x0000000016d71800 Uncommon trap: reason=bimorphic action=maybe_recompile pc=0x00000000032ddafc method=com.android.dx.rop.code.RegisterSpec.withSimpleType()Lcom/android/dx/rop/code/RegisterSpec; @ 21
Event: 2.725 Thread 0x0000000016d87000 Uncommon trap: reason=unstable_if action=reinterpret pc=0x00000000032e70c4 method=com.android.dx.ssa.SCCP.simulateBranch(Lcom/android/dx/ssa/SsaInsn;)V @ 64
Event: 3.124 Thread 0x000000000294d800 Uncommon trap: reason=class_check action=maybe_recompile pc=0x00000000032102d8 method=java.util.Arrays.hashCode([Ljava/lang/Object;)I @ 43
Event: 3.124 Thread 0x000000000294d800 Uncommon trap: reason=class_check action=maybe_recompile pc=0x00000000032102d8 method=java.util.Arrays.hashCode([Ljava/lang/Object;)I @ 43
Event: 3.125 Thread 0x000000000294d800 Uncommon trap: reason=class_check action=maybe_recompile pc=0x00000000032102d8 method=java.util.Arrays.hashCode([Ljava/lang/Object;)I @ 43
Event: 3.125 Thread 0x000000000294d800 Uncommon trap: reason=class_check action=maybe_recompile pc=0x00000000032102d8 method=java.util.Arrays.hashCode([Ljava/lang/Object;)I @ 43
Event: 3.125 Thread 0x000000000294d800 Uncommon trap: reason=class_check action=maybe_recompile pc=0x00000000031dfcb8 method=java.util.Arrays.hashCode([Ljava/lang/Object;)I @ 43
Event: 3.159 Thread 0x000000000294d800 Uncommon trap: reason=bimorphic action=maybe_recompile pc=0x0000000002f3c8d4 method=java.util.HashMap.putVal(ILjava/lang/Object;Ljava/lang/Object;ZZ)Ljava/lang/Object; @ 91
Event: 3.405 Thread 0x000000000294d800 Uncommon trap: reason=unstable_if action=reinterpret pc=0x0000000002e422b0 method=java.util.TreeMap.put(Ljava/lang/Object;Ljava/lang/Object;)Ljava/lang/Object; @ 163

Classes redefined (0 events):
No events

Internal exceptions (3 events):
Event: 0.067 Thread 0x000000000294d800 Exception <a 'java/lang/NoSuchMethodError': Method sun.misc.Unsafe.defineClass(Ljava/lang/String;[BII)Ljava/lang/Class; name or signature does not match> (0x00000000eab07cb0) thrown at [D:\src\AOSP-openjdk-cygwin\jdk8u\hotspot\src\share\vm\prims\jni.cpp, 
Event: 0.067 Thread 0x000000000294d800 Exception <a 'java/lang/NoSuchMethodError': Method sun.misc.Unsafe.prefetchRead(Ljava/lang/Object;J)V name or signature does not match> (0x00000000eab07f98) thrown at [D:\src\AOSP-openjdk-cygwin\jdk8u\hotspot\src\share\vm\prims\jni.cpp, line 4012]
Event: 0.929 Thread 0x0000000016d85000 Implicit null exception at 0x0000000002ed5762 to 0x0000000002ed5869

Events (10 events):
Event: 3.453 Thread 0x000000000294d800 DEOPT PACKING pc=0x00000000033e3e6b sp=0x0000000002aef050
Event: 3.453 Thread 0x000000000294d800 DEOPT UNPACKING pc=0x0000000002c375d0 sp=0x0000000002aeedb0 mode 0
Event: 3.453 Thread 0x000000000294d800 DEOPT PACKING pc=0x00000000033e31ae sp=0x0000000002aeee60
Event: 3.453 Thread 0x000000000294d800 DEOPT UNPACKING pc=0x0000000002c375d0 sp=0x0000000002aeebe8 mode 0
Event: 3.455 Thread 0x000000000294d800 DEOPT PACKING pc=0x00000000033f4d31 sp=0x0000000002aeee20
Event: 3.455 Thread 0x000000000294d800 DEOPT UNPACKING pc=0x0000000002c375d0 sp=0x0000000002aeebe8 mode 0
Event: 3.455 Thread 0x000000000294d800 DEOPT PACKING pc=0x00000000033f9a4d sp=0x0000000002aeeee0
Event: 3.455 Thread 0x000000000294d800 DEOPT UNPACKING pc=0x0000000002c375d0 sp=0x0000000002aeec38 mode 0
Event: 3.471 Thread 0x000000000294d800 DEOPT PACKING pc=0x00000000033e8cb1 sp=0x0000000002aeedc0
Event: 3.471 Thread 0x000000000294d800 DEOPT UNPACKING pc=0x0000000002c375d0 sp=0x0000000002aeeb48 mode 0


Dynamic libraries:
0x00007ff6985b0000 - 0x00007ff6985e1000 	C:\Program Files\Android\Android Studio\jre\bin\java.exe
0x00007ff82ad60000 - 0x00007ff82af50000 	C:\Windows\SYSTEM32\ntdll.dll
0x00007ff829490000 - 0x00007ff829542000 	C:\Windows\System32\KERNEL32.DLL
0x00007ff8284d0000 - 0x00007ff828773000 	C:\Windows\System32\KERNELBASE.dll
0x00007ff829320000 - 0x00007ff8293c3000 	C:\Windows\System32\ADVAPI32.dll
0x00007ff8293d0000 - 0x00007ff82946e000 	C:\Windows\System32\msvcrt.dll
0x00007ff82a4e0000 - 0x00007ff82a577000 	C:\Windows\System32\sechost.dll
0x00007ff82a020000 - 0x00007ff82a140000 	C:\Windows\System32\RPCRT4.dll
0x00007ff829960000 - 0x00007ff829af4000 	C:\Windows\System32\USER32.dll
0x00007ff828de0000 - 0x00007ff828e01000 	C:\Windows\System32\win32u.dll
0x00007ff82acf0000 - 0x00007ff82ad16000 	C:\Windows\System32\GDI32.dll
0x00007ff828b40000 - 0x00007ff828cd4000 	C:\Windows\System32\gdi32full.dll
0x00007ff828780000 - 0x00007ff82881e000 	C:\Windows\System32\msvcp_win.dll
0x00007ff828820000 - 0x00007ff82891a000 	C:\Windows\System32\ucrtbase.dll
0x00007ff817230000 - 0x00007ff8174b5000 	C:\Windows\WinSxS\amd64_microsoft.windows.common-controls_6595b64144ccf1df_6.0.18362.720_none_e6beb5c51314836b\COMCTL32.dll
0x00007ff82a1a0000 - 0x00007ff82a4d6000 	C:\Windows\System32\combase.dll
0x00007ff828d60000 - 0x00007ff828de0000 	C:\Windows\System32\bcryptPrimitives.dll
0x00007ff828e10000 - 0x00007ff828e3e000 	C:\Windows\System32\IMM32.DLL
0x00000000508c0000 - 0x0000000050992000 	C:\Program Files\Android\Android Studio\jre\jre\bin\msvcr100.dll
0x0000000050a80000 - 0x00000000512c6000 	C:\Program Files\Android\Android Studio\jre\jre\bin\server\jvm.dll
0x00007ff829480000 - 0x00007ff829488000 	C:\Windows\System32\PSAPI.DLL
0x00007ff8195d0000 - 0x00007ff8195d9000 	C:\Windows\SYSTEM32\WSOCK32.dll
0x00007ff829b80000 - 0x00007ff829bef000 	C:\Windows\System32\WS2_32.dll
0x00007ff825d50000 - 0x00007ff825d74000 	C:\Windows\SYSTEM32\WINMM.dll
0x00007ff823b10000 - 0x00007ff823b1a000 	C:\Windows\SYSTEM32\VERSION.dll
0x00007ff825d20000 - 0x00007ff825d4d000 	C:\Windows\SYSTEM32\WINMMBASE.dll
0x00007ff828d10000 - 0x00007ff828d5a000 	C:\Windows\System32\cfgmgr32.dll
0x00007ff8195c0000 - 0x00007ff8195cf000 	C:\Program Files\Android\Android Studio\jre\jre\bin\verify.dll
0x00007ff80e780000 - 0x00007ff80e7a9000 	C:\Program Files\Android\Android Studio\jre\jre\bin\java.dll
0x00007ff80e760000 - 0x00007ff80e776000 	C:\Program Files\Android\Android Studio\jre\jre\bin\zip.dll
0x00007ff82a580000 - 0x00007ff82ac65000 	C:\Windows\System32\SHELL32.dll
0x00007ff829c50000 - 0x00007ff829cf9000 	C:\Windows\System32\shcore.dll
0x00007ff827d50000 - 0x00007ff8284d0000 	C:\Windows\System32\windows.storage.dll
0x00007ff827cc0000 - 0x00007ff827ce3000 	C:\Windows\System32\profapi.dll
0x00007ff827c50000 - 0x00007ff827c9a000 	C:\Windows\System32\powrprof.dll
0x00007ff827c20000 - 0x00007ff827c30000 	C:\Windows\System32\UMPDC.dll
0x00007ff829bf0000 - 0x00007ff829c42000 	C:\Windows\System32\shlwapi.dll
0x00007ff827c30000 - 0x00007ff827c41000 	C:\Windows\System32\kernel.appcore.dll
0x00007ff828a70000 - 0x00007ff828a87000 	C:\Windows\System32\cryptsp.dll

VM Arguments:
jvm_args: -Djava.awt.headless=true -Xmx1024M -Dfile.encoding=windows-1252 -Duser.country=US -Duser.language=en -Duser.variant 
java_command: com.android.dx.command.Main --dex --num-threads=4 --output C:\Users\boora\Downloads\finalandroid\jinsongo-mla-android-7b143deb8a78\app\build\intermediates\pre-dexed\debug\debug_ec762b8d369475cabc720128c4c14f112c727c15.jar C:\Users\boora\Downloads\finalandroid\jinsongo-mla-android-7b143deb8a78\app\build\intermediates\classes\debug
java_class_path (initial): C:\Users\boora\AppData\Local\Android\Sdk\build-tools\25.0.0\lib\dx.jar
Launcher Type: SUN_STANDARD

Environment Variables:
PATH=C:\Windows\system32;C:\Windows;C:\Windows\System32\Wbem;C:\Windows\System32\WindowsPowerShell\v1.0\;C:\Windows\System32\OpenSSH\;C:\Program Files (x86)\Microsoft SQL Server\150\DTS\Binn\;C:\Program Files\dotnet\;C:\Program Files\Microsoft SQL Server\130\Tools\Binn\;C:\Program Files\Microsoft SQL Server\Client SDK\ODBC\170\Tools\Binn\;C:\Users\boora\AppData\Local\Microsoft\WindowsApps;
USERNAME=boora
OS=Windows_NT
PROCESSOR_IDENTIFIER=Intel64 Family 6 Model 142 Stepping 9, GenuineIntel



---------------  S Y S T E M  ---------------

OS: Windows 10.0 , 64 bit Build 18362 (10.0.18362.329)

CPU:total 4 (initial active 4) (2 cores per cpu, 2 threads per core) family 6 model 142 stepping 9, cmov, cx8, fxsr, mmx, sse, sse2, sse3, ssse3, sse4.1, sse4.2, popcnt, avx, avx2, aes, clmul, erms, 3dnowpref, lzcnt, ht, tsc, tscinvbit, bmi1, bmi2, adx

Memory: 4k page, physical 8246480k(1196740k free), swap 11527048k(4104k free)

vm_info: OpenJDK 64-Bit Server VM (25.202-b03) for windows-amd64 JRE (1.8.0_202-release-1483-b03), built by "builder" with MS VC++ 10.0 (VS2010)

time: Mon Mar 30 12:34:05 2020
timezone: Pacific Daylight Time
elapsed time: 3 seconds (0d 0h 0m 3s)

