#
# There is insufficient memory for the Java Runtime Environment to continue.
# Native memory allocation (malloc) failed to allocate 1391952 bytes for Chunk::new
# Possible reasons:
#   The system is out of physical RAM or swap space
#   The process is running with CompressedOops enabled, and the Java Heap may be blocking the growth of the native heap
# Possible solutions:
#   Reduce memory load on the system
#   Increase physical memory or swap space
#   Check if swap backing store is full
#   Decrease Java heap size (-Xmx/-Xms)
#   Decrease number of Java threads
#   Decrease Java thread stack sizes (-Xss)
#   Set larger code cache with -XX:ReservedCodeCacheSize=
#   JVM is running with Unscaled Compressed Oops mode in which the Java heap is
#     placed in the first 4GB address space. The Java Heap base address is the
#     maximum limit for the native heap growth. Please use -XX:HeapBaseMinAddress
#     to set the Java Heap base and to place the Java Heap above 4GB virtual address.
# This output file may be truncated or incomplete.
#
#  Out of Memory Error (allocation.cpp:389), pid=14028, tid=0x00000000000037b8
#
# JRE version: OpenJDK Runtime Environment (8.0_202-b03) (build 1.8.0_202-release-1483-b03)
# Java VM: OpenJDK 64-Bit Server VM (25.202-b03 mixed mode windows-amd64 compressed oops)
# Failed to write core dump. Minidumps are not enabled by default on client versions of Windows
#

---------------  T H R E A D  ---------------

Current thread (0x00000000156e0000):  JavaThread "C2 CompilerThread1" daemon [_thread_in_native, id=14264, stack(0x0000000016e40000,0x0000000016f40000)]

Stack: [0x0000000016e40000,0x0000000016f40000]
[error occurred during error reporting (printing stack bounds), id 0xc0000005]

Native frames: (J=compiled Java code, j=interpreted, Vv=VM code, C=native code)


Current CompileTask:
C2:   2707 1731   !   4       com.android.dx.cf.cst.ConstantPoolParser::parse0 (731 bytes)


---------------  P R O C E S S  ---------------

Java Threads: ( => current thread )
  0x0000000017068800 JavaThread "Service Thread" daemon [_thread_blocked, id=13356, stack(0x0000000017440000,0x0000000017540000)]
  0x00000000156e9000 JavaThread "C1 CompilerThread2" daemon [_thread_blocked, id=3380, stack(0x0000000016f40000,0x0000000017040000)]
=>0x00000000156e0000 JavaThread "C2 CompilerThread1" daemon [_thread_in_native, id=14264, stack(0x0000000016e40000,0x0000000016f40000)]
  0x00000000156e8800 JavaThread "C2 CompilerThread0" daemon [_thread_in_vm, id=12872, stack(0x0000000016d40000,0x0000000016e40000)]
  0x00000000156e7000 JavaThread "Attach Listener" daemon [_thread_blocked, id=15800, stack(0x0000000016c40000,0x0000000016d40000)]
  0x00000000156e5800 JavaThread "Signal Dispatcher" daemon [_thread_blocked, id=14988, stack(0x0000000016b40000,0x0000000016c40000)]
  0x000000000300b000 JavaThread "Finalizer" daemon [_thread_blocked, id=13172, stack(0x0000000016940000,0x0000000016a40000)]
  0x00000000156c9000 JavaThread "Reference Handler" daemon [_thread_blocked, id=14196, stack(0x0000000016840000,0x0000000016940000)]
  0x00000000014fd800 JavaThread "main" [_thread_in_Java, id=9480, stack(0x0000000002e10000,0x0000000002f10000)]

Other Threads:
  0x00000000156a6800 VMThread [stack: 0x0000000016740000,0x0000000016840000] [id=15716]
  0x000000001573d800 WatcherThread [stack: 0x0000000017540000,0x0000000017640000] [id=5048]

VM state:not at safepoint (normal execution)

VM Mutex/Monitor currently owned by a thread: None

heap address: 0x00000000c0000000, size: 1024 MB, Compressed Oops mode: 32-bit
Narrow klass base: 0x0000000000000000, Narrow klass shift: 3
Compressed class space size: 1073741824 Address: 0x0000000100000000

Heap:
 PSYoungGen      total 37888K, used 36320K [0x00000000eab00000, 0x00000000ed500000, 0x0000000100000000)
  eden space 32768K, 95% used [0x00000000eab00000,0x00000000ec978e98,0x00000000ecb00000)
  from space 5120K, 99% used [0x00000000ed000000,0x00000000ed4ff470,0x00000000ed500000)
  to   space 5120K, 0% used [0x00000000ecb00000,0x00000000ecb00000,0x00000000ed000000)
 ParOldGen       total 86016K, used 29524K [0x00000000c0000000, 0x00000000c5400000, 0x00000000eab00000)
  object space 86016K, 34% used [0x00000000c0000000,0x00000000c1cd5068,0x00000000c5400000)
 Metaspace       used 6236K, capacity 7280K, committed 7552K, reserved 1056768K
  class space    used 566K, capacity 616K, committed 640K, reserved 1048576K

Card table byte_map: [0x00000000123d0000,0x00000000125e0000] byte_map_base: 0x0000000011dd0000

Marking Bits: (ParMarkBitMap*) 0x0000000051249f30
 Begin Bits: [0x0000000012b40000, 0x0000000013b40000)
 End Bits:   [0x0000000013b40000, 0x0000000014b40000)

Polling page: 0x00000000010d0000

CodeCache: size=245760Kb used=7667Kb max_used=7679Kb free=238092Kb
 bounds [0x0000000003010000, 0x00000000037a0000, 0x0000000012010000]
 total_blobs=2184 nmethods=1922 adapters=175
 compilation: enabled

Compilation events (10 events):
Event: 2.681 Thread 0x00000000156e8800 nmethod 1576 0x0000000003791050 code [0x0000000003791340, 0x0000000003792f50]
Event: 2.681 Thread 0x00000000156e8800 1928 %     4       java.util.Arrays::hashCode @ 16 (56 bytes)
Event: 2.688 Thread 0x00000000156e8800 nmethod 1928% 0x000000000378da90 code [0x000000000378dbe0, 0x000000000378ded8]
Event: 2.688 Thread 0x00000000156e8800 1937       4       com.android.dx.rop.code.RegisterSpecSet::size (49 bytes)
Event: 2.691 Thread 0x00000000156e8800 nmethod 1937 0x000000000378d750 code [0x000000000378d880, 0x000000000378d9b8]
Event: 2.691 Thread 0x00000000156e8800 1952       4       java.util.HashSet::add (20 bytes)
Event: 2.692 Thread 0x00000000156e8800 nmethod 1952 0x000000000378d490 code [0x000000000378d5e0, 0x000000000378d688]
Event: 2.692 Thread 0x00000000156e8800 1954       4       com.android.dx.rop.cst.CstType::hashCode (8 bytes)
Event: 2.695 Thread 0x00000000156e8800 nmethod 1954 0x000000000378d050 code [0x000000000378d1a0, 0x000000000378d338]
Event: 2.695 Thread 0x00000000156e8800 1955       4       com.android.dx.rop.cst.CstMemberRef::hashCode (19 bytes)

GC Heap History (10 events):
Event: 1.378 GC heap before
{Heap before GC invocations=2 (full 0):
 PSYoungGen      total 37888K, used 37885K [0x00000000eab00000, 0x00000000ed500000, 0x0000000100000000)
  eden space 32768K, 100% used [0x00000000eab00000,0x00000000ecb00000,0x00000000ecb00000)
  from space 5120K, 99% used [0x00000000ecb00000,0x00000000ecfff590,0x00000000ed000000)
  to   space 5120K, 0% used [0x00000000ed000000,0x00000000ed000000,0x00000000ed500000)
 ParOldGen       total 86016K, used 2765K [0x00000000c0000000, 0x00000000c5400000, 0x00000000eab00000)
  object space 86016K, 3% used [0x00000000c0000000,0x00000000c02b3790,0x00000000c5400000)
 Metaspace       used 5963K, capacity 7088K, committed 7296K, reserved 1056768K
  class space    used 559K, capacity 616K, committed 640K, reserved 1048576K
Event: 1.407 GC heap after
Heap after GC invocations=2 (full 0):
 PSYoungGen      total 37888K, used 5096K [0x00000000eab00000, 0x00000000ed500000, 0x0000000100000000)
  eden space 32768K, 0% used [0x00000000eab00000,0x00000000eab00000,0x00000000ecb00000)
  from space 5120K, 99% used [0x00000000ed000000,0x00000000ed4fa370,0x00000000ed500000)
  to   space 5120K, 0% used [0x00000000ecb00000,0x00000000ecb00000,0x00000000ed000000)
 ParOldGen       total 86016K, used 9384K [0x00000000c0000000, 0x00000000c5400000, 0x00000000eab00000)
  object space 86016K, 10% used [0x00000000c0000000,0x00000000c092a2d0,0x00000000c5400000)
 Metaspace       used 5963K, capacity 7088K, committed 7296K, reserved 1056768K
  class space    used 559K, capacity 616K, committed 640K, reserved 1048576K
}
Event: 1.628 GC heap before
{Heap before GC invocations=3 (full 0):
 PSYoungGen      total 37888K, used 37864K [0x00000000eab00000, 0x00000000ed500000, 0x0000000100000000)
  eden space 32768K, 100% used [0x00000000eab00000,0x00000000ecb00000,0x00000000ecb00000)
  from space 5120K, 99% used [0x00000000ed000000,0x00000000ed4fa370,0x00000000ed500000)
  to   space 5120K, 0% used [0x00000000ecb00000,0x00000000ecb00000,0x00000000ed000000)
 ParOldGen       total 86016K, used 9384K [0x00000000c0000000, 0x00000000c5400000, 0x00000000eab00000)
  object space 86016K, 10% used [0x00000000c0000000,0x00000000c092a2d0,0x00000000c5400000)
 Metaspace       used 6018K, capacity 7152K, committed 7296K, reserved 1056768K
  class space    used 559K, capacity 616K, committed 640K, reserved 1048576K
Event: 1.647 GC heap after
Heap after GC invocations=3 (full 0):
 PSYoungGen      total 37888K, used 5099K [0x00000000eab00000, 0x00000000ed500000, 0x0000000100000000)
  eden space 32768K, 0% used [0x00000000eab00000,0x00000000eab00000,0x00000000ecb00000)
  from space 5120K, 99% used [0x00000000ecb00000,0x00000000ecffafe0,0x00000000ed000000)
  to   space 5120K, 0% used [0x00000000ed000000,0x00000000ed000000,0x00000000ed500000)
 ParOldGen       total 86016K, used 15417K [0x00000000c0000000, 0x00000000c5400000, 0x00000000eab00000)
  object space 86016K, 17% used [0x00000000c0000000,0x00000000c0f0e5a8,0x00000000c5400000)
 Metaspace       used 6018K, capacity 7152K, committed 7296K, reserved 1056768K
  class space    used 559K, capacity 616K, committed 640K, reserved 1048576K
}
Event: 1.854 GC heap before
{Heap before GC invocations=4 (full 0):
 PSYoungGen      total 37888K, used 37867K [0x00000000eab00000, 0x00000000ed500000, 0x0000000100000000)
  eden space 32768K, 100% used [0x00000000eab00000,0x00000000ecb00000,0x00000000ecb00000)
  from space 5120K, 99% used [0x00000000ecb00000,0x00000000ecffafe0,0x00000000ed000000)
  to   space 5120K, 0% used [0x00000000ed000000,0x00000000ed000000,0x00000000ed500000)
 ParOldGen       total 86016K, used 15417K [0x00000000c0000000, 0x00000000c5400000, 0x00000000eab00000)
  object space 86016K, 17% used [0x00000000c0000000,0x00000000c0f0e5a8,0x00000000c5400000)
 Metaspace       used 6056K, capacity 7152K, committed 7296K, reserved 1056768K
  class space    used 560K, capacity 616K, committed 640K, reserved 1048576K
Event: 1.875 GC heap after
Heap after GC invocations=4 (full 0):
 PSYoungGen      total 37888K, used 5108K [0x00000000eab00000, 0x00000000ed500000, 0x0000000100000000)
  eden space 32768K, 0% used [0x00000000eab00000,0x00000000eab00000,0x00000000ecb00000)
  from space 5120K, 99% used [0x00000000ed000000,0x00000000ed4fd200,0x00000000ed500000)
  to   space 5120K, 0% used [0x00000000ecb00000,0x00000000ecb00000,0x00000000ed000000)
 ParOldGen       total 86016K, used 19888K [0x00000000c0000000, 0x00000000c5400000, 0x00000000eab00000)
  object space 86016K, 23% used [0x00000000c0000000,0x00000000c136c178,0x00000000c5400000)
 Metaspace       used 6056K, capacity 7152K, committed 7296K, reserved 1056768K
  class space    used 560K, capacity 616K, committed 640K, reserved 1048576K
}
Event: 2.077 GC heap before
{Heap before GC invocations=5 (full 0):
 PSYoungGen      total 37888K, used 37876K [0x00000000eab00000, 0x00000000ed500000, 0x0000000100000000)
  eden space 32768K, 100% used [0x00000000eab00000,0x00000000ecb00000,0x00000000ecb00000)
  from space 5120K, 99% used [0x00000000ed000000,0x00000000ed4fd200,0x00000000ed500000)
  to   space 5120K, 0% used [0x00000000ecb00000,0x00000000ecb00000,0x00000000ed000000)
 ParOldGen       total 86016K, used 19888K [0x00000000c0000000, 0x00000000c5400000, 0x00000000eab00000)
  object space 86016K, 23% used [0x00000000c0000000,0x00000000c136c178,0x00000000c5400000)
 Metaspace       used 6119K, capacity 7216K, committed 7296K, reserved 1056768K
  class space    used 560K, capacity 616K, committed 640K, reserved 1048576K
Event: 2.108 GC heap after
Heap after GC invocations=5 (full 0):
 PSYoungGen      total 37888K, used 5102K [0x00000000eab00000, 0x00000000ed500000, 0x0000000100000000)
  eden space 32768K, 0% used [0x00000000eab00000,0x00000000eab00000,0x00000000ecb00000)
  from space 5120K, 99% used [0x00000000ecb00000,0x00000000ecffbb38,0x00000000ed000000)
  to   space 5120K, 0% used [0x00000000ed000000,0x00000000ed000000,0x00000000ed500000)
 ParOldGen       total 86016K, used 24406K [0x00000000c0000000, 0x00000000c5400000, 0x00000000eab00000)
  object space 86016K, 28% used [0x00000000c0000000,0x00000000c17d5800,0x00000000c5400000)
 Metaspace       used 6119K, capacity 7216K, committed 7296K, reserved 1056768K
  class space    used 560K, capacity 616K, committed 640K, reserved 1048576K
}
Event: 2.284 GC heap before
{Heap before GC invocations=6 (full 0):
 PSYoungGen      total 37888K, used 37870K [0x00000000eab00000, 0x00000000ed500000, 0x0000000100000000)
  eden space 32768K, 100% used [0x00000000eab00000,0x00000000ecb00000,0x00000000ecb00000)
  from space 5120K, 99% used [0x00000000ecb00000,0x00000000ecffbb38,0x00000000ed000000)
  to   space 5120K, 0% used [0x00000000ed000000,0x00000000ed000000,0x00000000ed500000)
 ParOldGen       total 86016K, used 24406K [0x00000000c0000000, 0x00000000c5400000, 0x00000000eab00000)
  object space 86016K, 28% used [0x00000000c0000000,0x00000000c17d5800,0x00000000c5400000)
 Metaspace       used 6125K, capacity 7216K, committed 7296K, reserved 1056768K
  class space    used 560K, capacity 616K, committed 640K, reserved 1048576K
Event: 2.318 GC heap after
Heap after GC invocations=6 (full 0):
 PSYoungGen      total 37888K, used 5117K [0x00000000eab00000, 0x00000000ed500000, 0x0000000100000000)
  eden space 32768K, 0% used [0x00000000eab00000,0x00000000eab00000,0x00000000ecb00000)
  from space 5120K, 99% used [0x00000000ed000000,0x00000000ed4ff470,0x00000000ed500000)
  to   space 5120K, 0% used [0x00000000ecb00000,0x00000000ecb00000,0x00000000ed000000)
 ParOldGen       total 86016K, used 29524K [0x00000000c0000000, 0x00000000c5400000, 0x00000000eab00000)
  object space 86016K, 34% used [0x00000000c0000000,0x00000000c1cd5068,0x00000000c5400000)
 Metaspace       used 6125K, capacity 7216K, committed 7296K, reserved 1056768K
  class space    used 560K, capacity 616K, committed 640K, reserved 1048576K
}

Deoptimization events (10 events):
Event: 1.978 Thread 0x00000000171a9800 Uncommon trap: reason=bimorphic action=maybe_recompile pc=0x00000000036d10bc method=com.android.dx.rop.code.RegisterSpec.withSimpleType()Lcom/android/dx/rop/code/RegisterSpec; @ 21
Event: 2.069 Thread 0x000000001718a000 Uncommon trap: reason=bimorphic action=maybe_recompile pc=0x000000000355daac method=java.util.HashMap.getNode(ILjava/lang/Object;)Ljava/util/HashMap$Node; @ 126
Event: 2.069 Thread 0x000000001718a000 Uncommon trap: reason=bimorphic action=maybe_recompile pc=0x000000000355daac method=java.util.HashMap.getNode(ILjava/lang/Object;)Ljava/util/HashMap$Node; @ 126
Event: 2.221 Thread 0x000000001721b800 Uncommon trap: reason=unstable_if action=reinterpret pc=0x000000000363b270 method=com.android.dx.ssa.SCCP.simulateBranch(Lcom/android/dx/ssa/SsaInsn;)V @ 64
Event: 2.578 Thread 0x00000000014fd800 Uncommon trap: reason=class_check action=maybe_recompile pc=0x00000000035d3cd8 method=java.util.Arrays.hashCode([Ljava/lang/Object;)I @ 43
Event: 2.578 Thread 0x00000000014fd800 Uncommon trap: reason=class_check action=maybe_recompile pc=0x00000000035d3cd8 method=java.util.Arrays.hashCode([Ljava/lang/Object;)I @ 43
Event: 2.578 Thread 0x00000000014fd800 Uncommon trap: reason=class_check action=maybe_recompile pc=0x00000000035d3cd8 method=java.util.Arrays.hashCode([Ljava/lang/Object;)I @ 43
Event: 2.578 Thread 0x00000000014fd800 Uncommon trap: reason=class_check action=maybe_recompile pc=0x00000000035d3cd8 method=java.util.Arrays.hashCode([Ljava/lang/Object;)I @ 43
Event: 2.578 Thread 0x00000000014fd800 Uncommon trap: reason=class_check action=maybe_recompile pc=0x00000000035b2538 method=java.util.Arrays.hashCode([Ljava/lang/Object;)I @ 43
Event: 2.586 Thread 0x00000000014fd800 Uncommon trap: reason=bimorphic action=maybe_recompile pc=0x00000000032afa28 method=java.util.HashMap.getNode(ILjava/lang/Object;)Ljava/util/HashMap$Node; @ 126

Classes redefined (0 events):
No events

Internal exceptions (3 events):
Event: 0.038 Thread 0x00000000014fd800 Exception <a 'java/lang/NoSuchMethodError': Method sun.misc.Unsafe.defineClass(Ljava/lang/String;[BII)Ljava/lang/Class; name or signature does not match> (0x00000000eab07cb0) thrown at [D:\src\AOSP-openjdk-cygwin\jdk8u\hotspot\src\share\vm\prims\jni.cpp, 
Event: 0.038 Thread 0x00000000014fd800 Exception <a 'java/lang/NoSuchMethodError': Method sun.misc.Unsafe.prefetchRead(Ljava/lang/Object;J)V name or signature does not match> (0x00000000eab07f98) thrown at [D:\src\AOSP-openjdk-cygwin\jdk8u\hotspot\src\share\vm\prims\jni.cpp, line 4012]
Event: 0.820 Thread 0x00000000171a9800 Implicit null exception at 0x000000000333a4e2 to 0x000000000333a5e9

Events (10 events):
Event: 2.578 Thread 0x00000000014fd800 DEOPT UNPACKING pc=0x000000000305557b sp=0x0000000002f0ef38 mode 2
Event: 2.580 loading class com/android/dx/rop/cst/Zeroes
Event: 2.580 loading class com/android/dx/rop/cst/Zeroes done
Event: 2.586 Thread 0x00000000014fd800 Uncommon trap: trap_request=0xffffffc6 fr.pc=0x00000000032afa28
Event: 2.586 Thread 0x00000000014fd800 DEOPT PACKING pc=0x00000000032afa28 sp=0x0000000002f0f110
Event: 2.586 Thread 0x00000000014fd800 DEOPT UNPACKING pc=0x000000000305557b sp=0x0000000002f0f028 mode 2
Event: 2.644 loading class com/android/dx/dex/file/CatchStructs
Event: 2.644 loading class com/android/dx/dex/file/CatchStructs done
Event: 2.653 Thread 0x00000000014fd800 DEOPT PACKING pc=0x00000000037834d7 sp=0x0000000002f0f0f0
Event: 2.653 Thread 0x00000000014fd800 DEOPT UNPACKING pc=0x00000000030575d0 sp=0x0000000002f0ee70 mode 0


Dynamic libraries:
0x00007ff6985b0000 - 0x00007ff6985e1000 	C:\Program Files\Android\Android Studio\jre\bin\java.exe
0x00007ff82ad60000 - 0x00007ff82af50000 	C:\Windows\SYSTEM32\ntdll.dll
0x00007ff829490000 - 0x00007ff829542000 	C:\Windows\System32\KERNEL32.DLL
0x00007ff8284d0000 - 0x00007ff828773000 	C:\Windows\System32\KERNELBASE.dll
0x00007ff829320000 - 0x00007ff8293c3000 	C:\Windows\System32\ADVAPI32.dll
0x00007ff8293d0000 - 0x00007ff82946e000 	C:\Windows\System32\msvcrt.dll
0x00007ff82a4e0000 - 0x00007ff82a577000 	C:\Windows\System32\sechost.dll
0x00007ff82a020000 - 0x00007ff82a140000 	C:\Windows\System32\RPCRT4.dll
0x00007ff829960000 - 0x00007ff829af4000 	C:\Windows\System32\USER32.dll
0x00007ff828de0000 - 0x00007ff828e01000 	C:\Windows\System32\win32u.dll
0x00007ff82acf0000 - 0x00007ff82ad16000 	C:\Windows\System32\GDI32.dll
0x00007ff828b40000 - 0x00007ff828cd4000 	C:\Windows\System32\gdi32full.dll
0x00007ff828780000 - 0x00007ff82881e000 	C:\Windows\System32\msvcp_win.dll
0x00007ff828820000 - 0x00007ff82891a000 	C:\Windows\System32\ucrtbase.dll
0x00007ff817230000 - 0x00007ff8174b5000 	C:\Windows\WinSxS\amd64_microsoft.windows.common-controls_6595b64144ccf1df_6.0.18362.720_none_e6beb5c51314836b\COMCTL32.dll
0x00007ff82a1a0000 - 0x00007ff82a4d6000 	C:\Windows\System32\combase.dll
0x00007ff828d60000 - 0x00007ff828de0000 	C:\Windows\System32\bcryptPrimitives.dll
0x00007ff828e10000 - 0x00007ff828e3e000 	C:\Windows\System32\IMM32.DLL
0x00000000508c0000 - 0x0000000050992000 	C:\Program Files\Android\Android Studio\jre\jre\bin\msvcr100.dll
0x0000000050a80000 - 0x00000000512c6000 	C:\Program Files\Android\Android Studio\jre\jre\bin\server\jvm.dll
0x00007ff829480000 - 0x00007ff829488000 	C:\Windows\System32\PSAPI.DLL
0x00007ff8195d0000 - 0x00007ff8195d9000 	C:\Windows\SYSTEM32\WSOCK32.dll
0x00007ff825d50000 - 0x00007ff825d74000 	C:\Windows\SYSTEM32\WINMM.dll
0x00007ff829b80000 - 0x00007ff829bef000 	C:\Windows\System32\WS2_32.dll
0x00007ff823b10000 - 0x00007ff823b1a000 	C:\Windows\SYSTEM32\VERSION.dll
0x00007ff825d20000 - 0x00007ff825d4d000 	C:\Windows\SYSTEM32\winmmbase.dll
0x00007ff828d10000 - 0x00007ff828d5a000 	C:\Windows\System32\cfgmgr32.dll
0x00007ff8195c0000 - 0x00007ff8195cf000 	C:\Program Files\Android\Android Studio\jre\jre\bin\verify.dll
0x00007ff80e780000 - 0x00007ff80e7a9000 	C:\Program Files\Android\Android Studio\jre\jre\bin\java.dll
0x00007ff80e760000 - 0x00007ff80e776000 	C:\Program Files\Android\Android Studio\jre\jre\bin\zip.dll
0x00007ff82a580000 - 0x00007ff82ac65000 	C:\Windows\System32\SHELL32.dll
0x00007ff829c50000 - 0x00007ff829cf9000 	C:\Windows\System32\shcore.dll
0x00007ff827d50000 - 0x00007ff8284d0000 	C:\Windows\System32\windows.storage.dll
0x00007ff827cc0000 - 0x00007ff827ce3000 	C:\Windows\System32\profapi.dll
0x00007ff827c50000 - 0x00007ff827c9a000 	C:\Windows\System32\powrprof.dll
0x00007ff827c20000 - 0x00007ff827c30000 	C:\Windows\System32\UMPDC.dll
0x00007ff829bf0000 - 0x00007ff829c42000 	C:\Windows\System32\shlwapi.dll
0x00007ff827c30000 - 0x00007ff827c41000 	C:\Windows\System32\kernel.appcore.dll
0x00007ff828a70000 - 0x00007ff828a87000 	C:\Windows\System32\cryptsp.dll

VM Arguments:
jvm_args: -Djava.awt.headless=true -Xmx1024M -Dfile.encoding=windows-1252 -Duser.country=US -Duser.language=en -Duser.variant 
java_command: com.android.dx.command.Main --dex --num-threads=4 --output C:\Users\boora\Downloads\finalandroid\jinsongo-mla-android-7b143deb8a78\app\build\intermediates\pre-dexed\debug\debug_ec762b8d369475cabc720128c4c14f112c727c15.jar C:\Users\boora\Downloads\finalandroid\jinsongo-mla-android-7b143deb8a78\app\build\intermediates\classes\debug
java_class_path (initial): C:\Users\boora\AppData\Local\Android\Sdk\build-tools\25.0.0\lib\dx.jar
Launcher Type: SUN_STANDARD

Environment Variables:
PATH=C:\Windows\system32;C:\Windows;C:\Windows\System32\Wbem;C:\Windows\System32\WindowsPowerShell\v1.0\;C:\Windows\System32\OpenSSH\;C:\Program Files (x86)\Microsoft SQL Server\150\DTS\Binn\;C:\Program Files\dotnet\;C:\Program Files\Microsoft SQL Server\130\Tools\Binn\;C:\Program Files\Microsoft SQL Server\Client SDK\ODBC\170\Tools\Binn\;C:\Users\boora\AppData\Local\Microsoft\WindowsApps;
USERNAME=boora
OS=Windows_NT
PROCESSOR_IDENTIFIER=Intel64 Family 6 Model 142 Stepping 9, GenuineIntel



---------------  S Y S T E M  ---------------

OS: Windows 10.0 , 64 bit Build 18362 (10.0.18362.329)

CPU:total 4 (initial active 4) (2 cores per cpu, 2 threads per core) family 6 model 142 stepping 9, cmov, cx8, fxsr, mmx, sse, sse2, sse3, ssse3, sse4.1, sse4.2, popcnt, avx, avx2, aes, clmul, erms, 3dnowpref, lzcnt, ht, tsc, tscinvbit, bmi1, bmi2, adx

Memory: 4k page, physical 8246480k(1368552k free), swap 11527048k(5444k free)

vm_info: OpenJDK 64-Bit Server VM (25.202-b03) for windows-amd64 JRE (1.8.0_202-release-1483-b03), built by "builder" with MS VC++ 10.0 (VS2010)

time: Mon Mar 30 12:55:32 2020
timezone: Pacific Daylight Time
elapsed time: 2 seconds (0d 0h 0m 2s)

