#
# There is insufficient memory for the Java Runtime Environment to continue.
# Native memory allocation (malloc) failed to allocate 57104 bytes for Chunk::new
# Possible reasons:
#   The system is out of physical RAM or swap space
#   The process is running with CompressedOops enabled, and the Java Heap may be blocking the growth of the native heap
# Possible solutions:
#   Reduce memory load on the system
#   Increase physical memory or swap space
#   Check if swap backing store is full
#   Decrease Java heap size (-Xmx/-Xms)
#   Decrease number of Java threads
#   Decrease Java thread stack sizes (-Xss)
#   Set larger code cache with -XX:ReservedCodeCacheSize=
#   JVM is running with Zero Based Compressed Oops mode in which the Java heap is
#     placed in the first 32GB address space. The Java Heap base address is the
#     maximum limit for the native heap growth. Please use -XX:HeapBaseMinAddress
#     to set the Java Heap base and to place the Java Heap above 32GB virtual address.
# This output file may be truncated or incomplete.
#
#  Out of Memory Error (allocation.cpp:389), pid=5224, tid=0x0000000000003280
#
# JRE version: OpenJDK Runtime Environment (8.0_202-b03) (build 1.8.0_202-release-1483-b03)
# Java VM: OpenJDK 64-Bit Server VM (25.202-b03 mixed mode windows-amd64 compressed oops)
# Failed to write core dump. Minidumps are not enabled by default on client versions of Windows
#

---------------  T H R E A D  ---------------

Current thread (0x000000001ca69000):  JavaThread "C2 CompilerThread0" daemon [_thread_in_native, id=12928, stack(0x000000001e0d0000,0x000000001e1d0000)]

Stack: [0x000000001e0d0000,0x000000001e1d0000]
[error occurred during error reporting (printing stack bounds), id 0xc0000005]

Native frames: (J=compiled Java code, j=interpreted, Vv=VM code, C=native code)


Current CompileTask:
C2:   2231 1819       4       com.android.dx.ssa.SsaBasicBlock::exitBlockFixup (58 bytes)


---------------  P R O C E S S  ---------------

Java Threads: ( => current thread )
  0x000000001e53d800 JavaThread "pool-1-thread-1" [_thread_in_Java, id=14536, stack(0x000000001e9d0000,0x000000001ead0000)]
  0x000000001e408800 JavaThread "Service Thread" daemon [_thread_blocked, id=7980, stack(0x000000001e7d0000,0x000000001e8d0000)]
  0x000000001ca80800 JavaThread "C1 CompilerThread2" daemon [_thread_blocked, id=13400, stack(0x000000001e2d0000,0x000000001e3d0000)]
  0x000000001ca6e000 JavaThread "C2 CompilerThread1" daemon [_thread_in_native, id=14672, stack(0x000000001e1d0000,0x000000001e2d0000)]
=>0x000000001ca69000 JavaThread "C2 CompilerThread0" daemon [_thread_in_native, id=12928, stack(0x000000001e0d0000,0x000000001e1d0000)]
  0x000000001ca68000 JavaThread "Attach Listener" daemon [_thread_blocked, id=15508, stack(0x000000001dfd0000,0x000000001e0d0000)]
  0x000000001ca75800 JavaThread "Signal Dispatcher" daemon [_thread_blocked, id=7976, stack(0x000000001ded0000,0x000000001dfd0000)]
  0x00000000032ab000 JavaThread "Finalizer" daemon [_thread_blocked, id=14956, stack(0x000000001dcd0000,0x000000001ddd0000)]
  0x000000001ca59000 JavaThread "Reference Handler" daemon [_thread_blocked, id=10320, stack(0x000000001dbd0000,0x000000001dcd0000)]
  0x000000000339d800 JavaThread "main" [_thread_blocked, id=13324, stack(0x0000000003010000,0x0000000003110000)]

Other Threads:
  0x000000001ca37800 VMThread [stack: 0x000000001dad0000,0x000000001dbd0000] [id=9020]
  0x000000001caba000 WatcherThread [stack: 0x000000001e8d0000,0x000000001e9d0000] [id=7684]

VM state:not at safepoint (normal execution)

VM Mutex/Monitor currently owned by a thread:  ([mutex/lock_event])
[0x00000000031b1f50] CompiledIC_lock - owner thread: 0x0000000000000000

heap address: 0x00000006c0000000, size: 4096 MB, Compressed Oops mode: Zero based, Oop shift amount: 3
Narrow klass base: 0x0000000000000000, Narrow klass shift: 3
Compressed class space size: 1073741824 Address: 0x00000007c0000000

Heap:
 PSYoungGen      total 136192K, used 40783K [0x000000076ab00000, 0x0000000773500000, 0x00000007c0000000)
  eden space 131072K, 27% used [0x000000076ab00000,0x000000076cddbf00,0x0000000772b00000)
  from space 5120K, 99% used [0x0000000773000000,0x00000007734f8008,0x0000000773500000)
  to   space 5120K, 0% used [0x0000000772b00000,0x0000000772b00000,0x0000000773000000)
 ParOldGen       total 86016K, used 28364K [0x00000006c0000000, 0x00000006c5400000, 0x000000076ab00000)
  object space 86016K, 32% used [0x00000006c0000000,0x00000006c1bb33a0,0x00000006c5400000)
 Metaspace       used 6210K, capacity 7216K, committed 7296K, reserved 1056768K
  class space    used 565K, capacity 616K, committed 640K, reserved 1048576K

Card table byte_map: [0x0000000012760000,0x0000000012f70000] byte_map_base: 0x000000000f160000

Marking Bits: (ParMarkBitMap*) 0x000000005b199f30
 Begin Bits: [0x00000000138d0000, 0x00000000178d0000)
 End Bits:   [0x00000000178d0000, 0x000000001b8d0000)

Polling page: 0x0000000001810000

CodeCache: size=245760Kb used=7519Kb max_used=7519Kb free=238240Kb
 bounds [0x00000000033a0000, 0x0000000003b00000, 0x00000000123a0000]
 total_blobs=2170 nmethods=1908 adapters=175
 compilation: enabled

Compilation events (10 events):
Event: 2.223 Thread 0x000000001ca80800 nmethod 1935 0x0000000003af9110 code [0x0000000003af9280, 0x0000000003af93e8]
Event: 2.223 Thread 0x000000001ca80800 1937       2       java.util.ComparableTimSort::sort (219 bytes)
Event: 2.224 Thread 0x000000001ca80800 nmethod 1937 0x0000000003af8650 code [0x0000000003af8820, 0x0000000003af8c98]
Event: 2.224 Thread 0x000000001ca80800 1938       2       com.android.dx.dex.file.ClassDataItem::addContents (207 bytes)
Event: 2.226 Thread 0x000000001ca80800 nmethod 1938 0x0000000003af9910 code [0x0000000003af9b80, 0x0000000003afa618]
Event: 2.226 Thread 0x000000001ca80800 1939       2       java.util.ComparableTimSort::binarySort (223 bytes)
Event: 2.226 Thread 0x000000001ca80800 nmethod 1939 0x0000000003afb0d0 code [0x0000000003afb280, 0x0000000003afb8b8]
Event: 2.228 Thread 0x000000001ca80800 1940       2       com.android.dx.dex.file.OffsettedItem::equals (45 bytes)
Event: 2.228 Thread 0x000000001ca80800 nmethod 1940 0x0000000003af8150 code [0x0000000003af82e0, 0x0000000003af8548]
Event: 2.228 Thread 0x000000001ca80800 1941       2       java.util.HashMap::putVal (300 bytes)

GC Heap History (8 events):
Event: 0.863 GC heap before
{Heap before GC invocations=1 (full 0):
 PSYoungGen      total 37888K, used 32768K [0x000000076ab00000, 0x000000076d500000, 0x00000007c0000000)
  eden space 32768K, 100% used [0x000000076ab00000,0x000000076cb00000,0x000000076cb00000)
  from space 5120K, 0% used [0x000000076d000000,0x000000076d000000,0x000000076d500000)
  to   space 5120K, 0% used [0x000000076cb00000,0x000000076cb00000,0x000000076d000000)
 ParOldGen       total 86016K, used 0K [0x00000006c0000000, 0x00000006c5400000, 0x000000076ab00000)
  object space 86016K, 0% used [0x00000006c0000000,0x00000006c0000000,0x00000006c5400000)
 Metaspace       used 5736K, capacity 6896K, committed 7040K, reserved 1056768K
  class space    used 551K, capacity 616K, committed 640K, reserved 1048576K
Event: 0.875 GC heap after
Heap after GC invocations=1 (full 0):
 PSYoungGen      total 37888K, used 5105K [0x000000076ab00000, 0x000000076f500000, 0x00000007c0000000)
  eden space 32768K, 0% used [0x000000076ab00000,0x000000076ab00000,0x000000076cb00000)
  from space 5120K, 99% used [0x000000076cb00000,0x000000076cffc400,0x000000076d000000)
  to   space 5120K, 0% used [0x000000076f000000,0x000000076f000000,0x000000076f500000)
 ParOldGen       total 86016K, used 2212K [0x00000006c0000000, 0x00000006c5400000, 0x000000076ab00000)
  object space 86016K, 2% used [0x00000006c0000000,0x00000006c0229240,0x00000006c5400000)
 Metaspace       used 5736K, capacity 6896K, committed 7040K, reserved 1056768K
  class space    used 551K, capacity 616K, committed 640K, reserved 1048576K
}
Event: 1.172 GC heap before
{Heap before GC invocations=2 (full 0):
 PSYoungGen      total 37888K, used 37873K [0x000000076ab00000, 0x000000076f500000, 0x00000007c0000000)
  eden space 32768K, 100% used [0x000000076ab00000,0x000000076cb00000,0x000000076cb00000)
  from space 5120K, 99% used [0x000000076cb00000,0x000000076cffc400,0x000000076d000000)
  to   space 5120K, 0% used [0x000000076f000000,0x000000076f000000,0x000000076f500000)
 ParOldGen       total 86016K, used 2212K [0x00000006c0000000, 0x00000006c5400000, 0x000000076ab00000)
  object space 86016K, 2% used [0x00000006c0000000,0x00000006c0229240,0x00000006c5400000)
 Metaspace       used 5971K, capacity 7088K, committed 7296K, reserved 1056768K
  class space    used 559K, capacity 616K, committed 640K, reserved 1048576K
Event: 1.197 GC heap after
Heap after GC invocations=2 (full 0):
 PSYoungGen      total 70656K, used 5107K [0x000000076ab00000, 0x000000076f500000, 0x00000007c0000000)
  eden space 65536K, 0% used [0x000000076ab00000,0x000000076ab00000,0x000000076eb00000)
  from space 5120K, 99% used [0x000000076f000000,0x000000076f4fcd08,0x000000076f500000)
  to   space 5120K, 0% used [0x000000076eb00000,0x000000076eb00000,0x000000076f000000)
 ParOldGen       total 86016K, used 8839K [0x00000006c0000000, 0x00000006c5400000, 0x000000076ab00000)
  object space 86016K, 10% used [0x00000006c0000000,0x00000006c08a1c68,0x00000006c5400000)
 Metaspace       used 5971K, capacity 7088K, committed 7296K, reserved 1056768K
  class space    used 559K, capacity 616K, committed 640K, reserved 1048576K
}
Event: 1.571 GC heap before
{Heap before GC invocations=3 (full 0):
 PSYoungGen      total 70656K, used 70643K [0x000000076ab00000, 0x000000076f500000, 0x00000007c0000000)
  eden space 65536K, 100% used [0x000000076ab00000,0x000000076eb00000,0x000000076eb00000)
  from space 5120K, 99% used [0x000000076f000000,0x000000076f4fcd08,0x000000076f500000)
  to   space 5120K, 0% used [0x000000076eb00000,0x000000076eb00000,0x000000076f000000)
 ParOldGen       total 86016K, used 8839K [0x00000006c0000000, 0x00000006c5400000, 0x000000076ab00000)
  object space 86016K, 10% used [0x00000006c0000000,0x00000006c08a1c68,0x00000006c5400000)
 Metaspace       used 6066K, capacity 7152K, committed 7296K, reserved 1056768K
  class space    used 560K, capacity 616K, committed 640K, reserved 1048576K
Event: 1.618 GC heap after
Heap after GC invocations=3 (full 0):
 PSYoungGen      total 70656K, used 5109K [0x000000076ab00000, 0x0000000773500000, 0x00000007c0000000)
  eden space 65536K, 0% used [0x000000076ab00000,0x000000076ab00000,0x000000076eb00000)
  from space 5120K, 99% used [0x000000076eb00000,0x000000076effd6c0,0x000000076f000000)
  to   space 5120K, 0% used [0x0000000773000000,0x0000000773000000,0x0000000773500000)
 ParOldGen       total 86016K, used 18514K [0x00000006c0000000, 0x00000006c5400000, 0x000000076ab00000)
  object space 86016K, 21% used [0x00000006c0000000,0x00000006c1214980,0x00000006c5400000)
 Metaspace       used 6066K, capacity 7152K, committed 7296K, reserved 1056768K
  class space    used 560K, capacity 616K, committed 640K, reserved 1048576K
}
Event: 1.958 GC heap before
{Heap before GC invocations=4 (full 0):
 PSYoungGen      total 70656K, used 70645K [0x000000076ab00000, 0x0000000773500000, 0x00000007c0000000)
  eden space 65536K, 100% used [0x000000076ab00000,0x000000076eb00000,0x000000076eb00000)
  from space 5120K, 99% used [0x000000076eb00000,0x000000076effd6c0,0x000000076f000000)
  to   space 5120K, 0% used [0x0000000773000000,0x0000000773000000,0x0000000773500000)
 ParOldGen       total 86016K, used 18514K [0x00000006c0000000, 0x00000006c5400000, 0x000000076ab00000)
  object space 86016K, 21% used [0x00000006c0000000,0x00000006c1214980,0x00000006c5400000)
 Metaspace       used 6114K, capacity 7152K, committed 7296K, reserved 1056768K
  class space    used 560K, capacity 616K, committed 640K, reserved 1048576K
Event: 2.001 GC heap after
Heap after GC invocations=4 (full 0):
 PSYoungGen      total 136192K, used 5088K [0x000000076ab00000, 0x0000000773500000, 0x00000007c0000000)
  eden space 131072K, 0% used [0x000000076ab00000,0x000000076ab00000,0x0000000772b00000)
  from space 5120K, 99% used [0x0000000773000000,0x00000007734f8008,0x0000000773500000)
  to   space 5120K, 0% used [0x0000000772b00000,0x0000000772b00000,0x0000000773000000)
 ParOldGen       total 86016K, used 28364K [0x00000006c0000000, 0x00000006c5400000, 0x000000076ab00000)
  object space 86016K, 32% used [0x00000006c0000000,0x00000006c1bb33a0,0x00000006c5400000)
 Metaspace       used 6114K, capacity 7152K, committed 7296K, reserved 1056768K
  class space    used 560K, capacity 616K, committed 640K, reserved 1048576K
}

Deoptimization events (10 events):
Event: 1.816 Thread 0x000000001e540000 Uncommon trap: reason=class_check action=maybe_recompile pc=0x0000000003691480 method=java.util.HashMap.putVal(ILjava/lang/Object;Ljava/lang/Object;ZZ)Ljava/lang/Object; @ 203
Event: 1.816 Thread 0x000000001e540000 Uncommon trap: reason=bimorphic action=maybe_recompile pc=0x0000000003941560 method=java.util.HashMap.getNode(ILjava/lang/Object;)Ljava/util/HashMap$Node; @ 126
Event: 1.816 Thread 0x000000001e540000 Uncommon trap: reason=class_check action=maybe_recompile pc=0x0000000003691480 method=java.util.HashMap.putVal(ILjava/lang/Object;Ljava/lang/Object;ZZ)Ljava/lang/Object; @ 203
Event: 1.908 Thread 0x000000001e540000 Uncommon trap: reason=unstable_if action=reinterpret pc=0x0000000003a5f30c method=com.android.dx.ssa.SCCP.simulateBranch(Lcom/android/dx/ssa/SsaInsn;)V @ 64
Event: 2.193 Thread 0x000000001e53d800 Uncommon trap: reason=class_check action=maybe_recompile pc=0x00000000039dab50 method=java.util.Arrays.hashCode([Ljava/lang/Object;)I @ 43
Event: 2.193 Thread 0x000000001e53d800 Uncommon trap: reason=class_check action=maybe_recompile pc=0x00000000039dab50 method=java.util.Arrays.hashCode([Ljava/lang/Object;)I @ 43
Event: 2.193 Thread 0x000000001e53d800 Uncommon trap: reason=class_check action=maybe_recompile pc=0x00000000039dab50 method=java.util.Arrays.hashCode([Ljava/lang/Object;)I @ 43
Event: 2.193 Thread 0x000000001e53d800 Uncommon trap: reason=class_check action=maybe_recompile pc=0x00000000039dab50 method=java.util.Arrays.hashCode([Ljava/lang/Object;)I @ 43
Event: 2.201 Thread 0x000000001e53d800 Uncommon trap: reason=bimorphic action=maybe_recompile pc=0x00000000036ccb08 method=java.util.HashMap.getNode(ILjava/lang/Object;)Ljava/util/HashMap$Node; @ 126
Event: 2.228 Thread 0x000000001e53d800 Uncommon trap: reason=class_check action=maybe_recompile pc=0x0000000003691480 method=java.util.HashMap.putVal(ILjava/lang/Object;Ljava/lang/Object;ZZ)Ljava/lang/Object; @ 203

Classes redefined (0 events):
No events

Internal exceptions (3 events):
Event: 0.039 Thread 0x000000000339d800 Exception <a 'java/lang/NoSuchMethodError': Method sun.misc.Unsafe.defineClass(Ljava/lang/String;[BII)Ljava/lang/Class; name or signature does not match> (0x000000076ab07cb0) thrown at [D:\src\AOSP-openjdk-cygwin\jdk8u\hotspot\src\share\vm\prims\jni.cpp, 
Event: 0.039 Thread 0x000000000339d800 Exception <a 'java/lang/NoSuchMethodError': Method sun.misc.Unsafe.prefetchRead(Ljava/lang/Object;J)V name or signature does not match> (0x000000076ab07f98) thrown at [D:\src\AOSP-openjdk-cygwin\jdk8u\hotspot\src\share\vm\prims\jni.cpp, line 4012]
Event: 0.718 Thread 0x000000001e52d000 Implicit null exception at 0x000000000371f522 to 0x000000000371f631

Events (10 events):
Event: 2.193 Thread 0x000000001e53d800 DEOPT PACKING pc=0x00000000039dab50 sp=0x000000001eacec00
Event: 2.193 Thread 0x000000001e53d800 DEOPT UNPACKING pc=0x00000000033e557b sp=0x000000001eaceb80 mode 2
Event: 2.194 loading class com/android/dx/rop/cst/Zeroes
Event: 2.194 loading class com/android/dx/rop/cst/Zeroes done
Event: 2.201 Thread 0x000000001e53d800 Uncommon trap: trap_request=0xffffffc6 fr.pc=0x00000000036ccb08
Event: 2.201 Thread 0x000000001e53d800 DEOPT PACKING pc=0x00000000036ccb08 sp=0x000000001eaced70
Event: 2.201 Thread 0x000000001e53d800 DEOPT UNPACKING pc=0x00000000033e557b sp=0x000000001eacec98 mode 2
Event: 2.228 Thread 0x000000001e53d800 Uncommon trap: trap_request=0xffffffde fr.pc=0x0000000003691480
Event: 2.228 Thread 0x000000001e53d800 DEOPT PACKING pc=0x0000000003691480 sp=0x000000001eaced10
Event: 2.228 Thread 0x000000001e53d800 DEOPT UNPACKING pc=0x00000000033e557b sp=0x000000001eacec98 mode 2


Dynamic libraries:
0x00007ff6feb30000 - 0x00007ff6feb61000 	C:\Program Files\Android\Android Studio\jre\bin\java.exe
0x00007ff8129c0000 - 0x00007ff812bb0000 	C:\Windows\SYSTEM32\ntdll.dll
0x00007ff810e90000 - 0x00007ff810f42000 	C:\Windows\System32\KERNEL32.DLL
0x00007ff80fc80000 - 0x00007ff80ff23000 	C:\Windows\System32\KERNELBASE.dll
0x00007ff810a80000 - 0x00007ff810b23000 	C:\Windows\System32\ADVAPI32.dll
0x00007ff810c30000 - 0x00007ff810cce000 	C:\Windows\System32\msvcrt.dll
0x00007ff811b90000 - 0x00007ff811c27000 	C:\Windows\System32\sechost.dll
0x00007ff811250000 - 0x00007ff811370000 	C:\Windows\System32\RPCRT4.dll
0x00007ff8127b0000 - 0x00007ff812944000 	C:\Windows\System32\USER32.dll
0x00007ff80faf0000 - 0x00007ff80fb11000 	C:\Windows\System32\win32u.dll
0x00007ff812950000 - 0x00007ff812976000 	C:\Windows\System32\GDI32.dll
0x00007ff80ff30000 - 0x00007ff8100c4000 	C:\Windows\System32\gdi32full.dll
0x00007ff810220000 - 0x00007ff8102be000 	C:\Windows\System32\msvcp_win.dll
0x00007ff80fb80000 - 0x00007ff80fc7a000 	C:\Windows\System32\ucrtbase.dll
0x00007ffffed60000 - 0x00007ffffefe5000 	C:\Windows\WinSxS\amd64_microsoft.windows.common-controls_6595b64144ccf1df_6.0.18362.720_none_e6beb5c51314836b\COMCTL32.dll
0x00007ff811cb0000 - 0x00007ff811fe6000 	C:\Windows\System32\combase.dll
0x00007ff810180000 - 0x00007ff810200000 	C:\Windows\System32\bcryptPrimitives.dll
0x00007ff810b30000 - 0x00007ff810b5e000 	C:\Windows\System32\IMM32.DLL
0x000000005a810000 - 0x000000005a8e2000 	C:\Program Files\Android\Android Studio\jre\jre\bin\msvcr100.dll
0x000000005a9d0000 - 0x000000005b216000 	C:\Program Files\Android\Android Studio\jre\jre\bin\server\jvm.dll
0x00007ff811580000 - 0x00007ff811588000 	C:\Windows\System32\PSAPI.DLL
0x00007ff80ada0000 - 0x00007ff80adaa000 	C:\Windows\SYSTEM32\VERSION.dll
0x00007ff80d9b0000 - 0x00007ff80d9d4000 	C:\Windows\SYSTEM32\WINMM.dll
0x00007ff80d980000 - 0x00007ff80d9ad000 	C:\Windows\SYSTEM32\winmmbase.dll
0x00007ffffcdb0000 - 0x00007ffffcdb9000 	C:\Windows\SYSTEM32\WSOCK32.dll
0x00007ff80f950000 - 0x00007ff80f99a000 	C:\Windows\System32\cfgmgr32.dll
0x00007ff8113d0000 - 0x00007ff81143f000 	C:\Windows\System32\WS2_32.dll
0x00007ffffcda0000 - 0x00007ffffcdaf000 	C:\Program Files\Android\Android Studio\jre\jre\bin\verify.dll
0x00007ffffca30000 - 0x00007ffffca59000 	C:\Program Files\Android\Android Studio\jre\jre\bin\java.dll
0x00007ffff97d0000 - 0x00007ffff97e6000 	C:\Program Files\Android\Android Studio\jre\jre\bin\zip.dll
0x00007ff811ff0000 - 0x00007ff8126d5000 	C:\Windows\System32\SHELL32.dll
0x00007ff811120000 - 0x00007ff8111c9000 	C:\Windows\System32\shcore.dll
0x00007ff8102c0000 - 0x00007ff810a40000 	C:\Windows\System32\windows.storage.dll
0x00007ff80f920000 - 0x00007ff80f943000 	C:\Windows\System32\profapi.dll
0x00007ff80f8d0000 - 0x00007ff80f91a000 	C:\Windows\System32\powrprof.dll
0x00007ff80f880000 - 0x00007ff80f890000 	C:\Windows\System32\UMPDC.dll
0x00007ff811b30000 - 0x00007ff811b82000 	C:\Windows\System32\shlwapi.dll
0x00007ff80f8b0000 - 0x00007ff80f8c1000 	C:\Windows\System32\kernel.appcore.dll
0x00007ff810200000 - 0x00007ff810217000 	C:\Windows\System32\cryptsp.dll

VM Arguments:
jvm_args: -Djava.awt.headless=true -Xmx4g -Dfile.encoding=windows-1252 -Duser.country=US -Duser.language=en -Duser.variant 
java_command: com.android.dx.command.Main --dex --num-threads=4 --multi-dex --output C:\Users\boora\Downloads\finalandroid\jinsongo-mla-android-7b143deb8a78\app\build\intermediates\transforms\dex\debug\folders\1000\1\debug_ec762b8d369475cabc720128c4c14f112c727c15 C:\Users\boora\Downloads\finalandroid\jinsongo-mla-android-7b143deb8a78\app\build\intermediates\classes\debug
java_class_path (initial): C:\Users\boora\AppData\Local\Android\Sdk\build-tools\25.0.0\lib\dx.jar
Launcher Type: SUN_STANDARD

Environment Variables:
PATH=C:\Windows\system32;C:\Windows;C:\Windows\System32\Wbem;C:\Windows\System32\WindowsPowerShell\v1.0\;C:\Windows\System32\OpenSSH\;C:\Program Files (x86)\Microsoft SQL Server\150\DTS\Binn\;C:\Program Files\dotnet\;C:\Program Files\Microsoft SQL Server\130\Tools\Binn\;C:\Program Files\Microsoft SQL Server\Client SDK\ODBC\170\Tools\Binn\;C:\Users\boora\AppData\Local\Microsoft\WindowsApps;
USERNAME=boora
OS=Windows_NT
PROCESSOR_IDENTIFIER=Intel64 Family 6 Model 142 Stepping 9, GenuineIntel



---------------  S Y S T E M  ---------------

OS: Windows 10.0 , 64 bit Build 18362 (10.0.18362.329)

CPU:total 4 (initial active 4) (2 cores per cpu, 2 threads per core) family 6 model 142 stepping 9, cmov, cx8, fxsr, mmx, sse, sse2, sse3, ssse3, sse4.1, sse4.2, popcnt, avx, avx2, aes, clmul, erms, 3dnowpref, lzcnt, ht, tsc, tscinvbit, bmi1, bmi2, adx

Memory: 4k page, physical 8246480k(819816k free), swap 11467088k(5272k free)

vm_info: OpenJDK 64-Bit Server VM (25.202-b03) for windows-amd64 JRE (1.8.0_202-release-1483-b03), built by "builder" with MS VC++ 10.0 (VS2010)

time: Thu Apr 02 12:38:51 2020
timezone: Pacific Daylight Time
elapsed time: 2 seconds (0d 0h 0m 2s)

